\BOOKMARK [0][-]{Doc-Start}{Предисловие}{}% 1
\BOOKMARK [0][-]{Doc-Start}{Введение}{}% 2
\BOOKMARK [0][-]{chapter.1}{Математический аппарат обобщенного метода Фурье}{}% 3
\BOOKMARK [1][-]{section.1.1}{Теоремы сложения базисных гармонических функций в цилиндрических, сферических, вытянутых и сжатых сфероидальных системах координат со сдвинутыми началами}{chapter.1}% 4
\BOOKMARK [1][-]{section.1.2}{Теоремы сложения базисных решений уравнения Ламе в сфероидальных координатах}{chapter.1}% 5
\BOOKMARK [1][-]{section.1.3}{Теоремы сложения решений уравнения Ламе в сфероидальных координатах для модифицированного базиса}{chapter.1}% 6
\BOOKMARK [1][-]{section.1.4}{Теоремы сложения базисных решений уравнения Ламе в сферических координатах}{chapter.1}% 7
\BOOKMARK [1][-]{section.1.5}{Теоремы сложения решений уравнения Ламе для модифицированного базиса в сферических координатах}{chapter.1}% 8
\BOOKMARK [1][-]{section.1.6}{Теоремы сложения базисных решений уравнения Ламе в цилиндрических координатах}{chapter.1}% 9
\BOOKMARK [0][-]{chapter.2}{Механика упругого деформирования волокнистых пористых и композиционных материалов}{}% 10
\BOOKMARK [1][-]{section.2.1}{Структура среды с линейными неоднородностями}{chapter.2}% 11
\BOOKMARK [1][-]{section.2.2}{Упругое состояние пористого материала с линейной регулярной структурой}{chapter.2}% 12
\BOOKMARK [1][-]{section.2.3}{Анализ разрешающей системы}{chapter.2}% 13
\BOOKMARK [1][-]{section.2.4}{Анализ напряженного состояния пористого материала}{chapter.2}% 14
\BOOKMARK [2][-]{subsection.2.4.1}{Одиночная полость в цилиндрическом образце}{section.2.4}% 15
\BOOKMARK [2][-]{subsection.2.4.2}{Две полости в цилиндрическом образце}{section.2.4}% 16
\BOOKMARK [2][-]{subsection.2.4.3}{Тетрагональная структура расположения полостей в цилиндрическом образце}{section.2.4}% 17
\BOOKMARK [2][-]{subsection.2.4.4}{Тетрагональная объемно центрированная структура расположения полостей в цилиндрическом образце}{section.2.4}% 18
\BOOKMARK [2][-]{subsection.2.4.5}{Гексагональная структура расположения полостей в цилиндрическом образце}{section.2.4}% 19
\BOOKMARK [2][-]{subsection.2.4.6}{Гексагональная центрированная структура расположения полостей в цилиндрическом образце}{section.2.4}% 20
\BOOKMARK [1][-]{section.2.5}{Упругое состояние композита с линейной регулярной структурой}{chapter.2}% 21
\BOOKMARK [1][-]{section.2.6}{Анализ численных результатов моделирования напряженно-деформированного состояния волокнистого композита}{chapter.2}% 22
\BOOKMARK [2][-]{subsection.2.6.1}{Цилиндрический образец композита с двумя волокнами}{section.2.6}% 23
\BOOKMARK [2][-]{subsection.2.6.2}{Цилиндрический образец волокнистого композита с тетрагональной структурой}{section.2.6}% 24
\BOOKMARK [2][-]{subsection.2.6.3}{Сравнение различных структур для волокнистого композита с низкомодульными волокнами}{section.2.6}% 25
\BOOKMARK [2][-]{subsection.2.6.4}{Цилиндрический образец волокнистого композита с тетрагональной объемно центрированной структурой}{section.2.6}% 26
\BOOKMARK [2][-]{subsection.2.6.5}{Цилиндрический образец волокнистого композита с гексагональной структурой}{section.2.6}% 27
\BOOKMARK [2][-]{subsection.2.6.6}{Цилиндрический образец волокнистого композита с гексагональной объемно центрированной структурой}{section.2.6}% 28
\BOOKMARK [0][-]{chapter.3}{Механика упругого деформирования зернистых композитов со сферическими зернами}{}% 29
\BOOKMARK [1][-]{section.3.1}{Структура среды с зернистыми неоднородностями}{chapter.3}% 30
\BOOKMARK [1][-]{section.3.2}{Упругое состояние пространства с несколькими сферическими полостями}{chapter.3}% 31
\BOOKMARK [1][-]{section.3.3}{Анализ разрешающей системы}{chapter.3}% 32
\BOOKMARK [1][-]{section.3.4}{Анализ напряженного состояния пористого материала со сферическими полостями}{chapter.3}% 33
\BOOKMARK [2][-]{subsection.3.4.1}{Тетрагональная структура расположения сферических полостей в материале}{section.3.4}% 34
\BOOKMARK [2][-]{subsection.3.4.2}{Тетрагональная центрированная структура расположения сферических полостей в материале}{section.3.4}% 35
\BOOKMARK [2][-]{subsection.3.4.3}{Гексагональная центрированная структура расположения сферических полостей в материале}{section.3.4}% 36
\BOOKMARK [1][-]{section.3.5}{Упругое состояние пространства с несколькими сферическими включениями}{chapter.3}% 37
\BOOKMARK [1][-]{section.3.6}{Анализ напряженного состояния композита со сферическими включениями}{chapter.3}% 38
\BOOKMARK [2][-]{subsection.3.6.1}{Тетрагональная структура расположения сферических включений в композите}{section.3.6}% 39
\BOOKMARK [2][-]{subsection.3.6.2}{Тетрагональная гранецентрированная структура расположения сферических включений в композите}{section.3.6}% 40
\BOOKMARK [2][-]{subsection.3.6.3}{Тетрагональная центрированная структура расположения сферических включений в композите}{section.3.6}% 41
\BOOKMARK [2][-]{subsection.3.6.4}{Гексагональная центрированная структура расположения сферических включений в композите}{section.3.6}% 42
\BOOKMARK [0][-]{chapter.4}{Механика упругого деформирования зернистых композитов с вытянутыми сфероидальными зернами}{}% 43
\BOOKMARK [1][-]{section.4.1}{Упругое состояние пространства с несколькими вытянутыми сфероидальными полостями}{chapter.4}% 44
\BOOKMARK [1][-]{section.4.2}{Анализ разрешающей системы}{chapter.4}% 45
\BOOKMARK [1][-]{section.4.3}{Анализ напряженного состояния пористого материала с вытянутыми сфероидальными полостями}{chapter.4}% 46
\BOOKMARK [2][-]{subsection.4.3.1}{Тетрагональная структура расположения сфероидальных полостей в материале}{section.4.3}% 47
\BOOKMARK [2][-]{subsection.4.3.2}{Тетрагональная центрированная структура расположения сфероидальных полостей в материале}{section.4.3}% 48
\BOOKMARK [2][-]{subsection.4.3.3}{Гексагональная центрированная структура расположения сфероидальных полостей в материале}{section.4.3}% 49
\BOOKMARK [1][-]{section.4.4}{Упругое состояние пространства с несколькими вытянутыми сфероидальными включениями}{chapter.4}% 50
\BOOKMARK [1][-]{section.4.5}{Анализ напряженного состояния зернистого композита с вытянутыми сфероидальными включениями}{chapter.4}% 51
\BOOKMARK [2][-]{subsection.4.5.1}{Тетрагональная структура расположения сфероидальных включений в композите}{section.4.5}% 52
\BOOKMARK [2][-]{subsection.4.5.2}{Тетрагональная центрированная структура расположения сфероидальных включений в композите}{section.4.5}% 53
\BOOKMARK [2][-]{subsection.4.5.3}{Гексагональная центрированная структура расположения сфероидальных включений в композите}{section.4.5}% 54
\BOOKMARK [0][-]{chapter.5}{Механика упругого деформирования зернистых композитов со сжатыми сфероидальными зернами}{}% 55
\BOOKMARK [1][-]{section.5.1}{Упругое состояние пространства с несколькими сжатыми сфероидальными полостями}{chapter.5}% 56
\BOOKMARK [2][-]{subsection.5.1.1}{Анализ численных результатов для пространства со сжатыми сфероидальными полостями при одноосном и двуосном растяжениях}{section.5.1}% 57
\BOOKMARK [1][-]{section.5.2}{Упругое состояние пространства с несколькими сжатыми сфероидальными включениями}{chapter.5}% 58
\BOOKMARK [2][-]{subsection.5.2.1}{Анализ численных результатов для пространства со сжатыми сфероидальными включениями при одноосном и двуосном растяжениях}{section.5.2}% 59
\BOOKMARK [0][-]{chapter.6}{Механика упругого деформирования пространства с периодической системой полостей или включений}{}% 60
\BOOKMARK [1][-]{section.6.1}{Упругое пространство с периодической системой сферических полостей}{chapter.6}% 61
\BOOKMARK [1][-]{section.6.2}{Упругое пространство с периодической системой сферических включений}{chapter.6}% 62
\BOOKMARK [1][-]{section.6.3}{Упругое пространство с периодической системой вытянутых сфероидальных полостей}{chapter.6}% 63
\BOOKMARK [1][-]{section.6.4}{Упругое пространство с периодической системой вытянутых сфероидальных включений}{chapter.6}% 64
\BOOKMARK [1][-]{section.6.5}{Упругое пространство с периодической системой сжатых сфероидальных полостей}{chapter.6}% 65
\BOOKMARK [1][-]{section.6.6}{Упругое пространство с периодической системой сжатых сфероидальных включений}{chapter.6}% 66
\BOOKMARK [0][-]{chapter.7}{Эффективные упругие модули пористых и композиционных материалов зернистой структуры}{}% 67
\BOOKMARK [1][-]{section.7.1}{Эффективные упругие модули материалов со сферическими порами}{chapter.7}% 68
\BOOKMARK [1][-]{section.7.2}{Эффективные упругие модули материалов со сферическими включениями}{chapter.7}% 69
\BOOKMARK [0][-]{figure.7.4}{Библиографический список}{}% 70
