This is pdfTeX, Version 3.1415926-2.5-1.40.14 (TeX Live 2013/W32TeX) (format=pdflatex 2013.9.27)  5 NOV 2013 18:33
entering extended mode
 restricted \write18 enabled.
 %&-line parsing enabled.
**monography.tex
(./monography.tex
LaTeX2e <2011/06/27>
Babel <3.9f> and hyphenation patterns for 78 languages loaded.
(c:/texlive/2013/texmf-dist/tex/latex/ncclatex/ncc.cls
Document Class: ncc 2006/01/17 v1.10 NCC-LaTeX document class (NCC)
(c:/texlive/2013/texmf-dist/tex/latex/ncclatex/ncc14.clo
File: ncc14.clo 2002/01/28 v1.00 Size option (NCC)
)
(c:/texlive/2013/texmf-dist/tex/latex/ncctools/tocenter.sty
Package: tocenter 2004/12/09 v1.1 Centering Page Layout (NCC)
)
(c:/texlive/2013/texmf-dist/tex/latex/ncctools/dcounter.sty
Package: dcounter 2005/04/25 v1.2 Dynamic Counters (NCC)
)
\c@part=\count79
\c@chapter=\count80
\c@section=\count81
\c@subsection=\count82
\c@subsubsection=\count83
\c@paragraph=\count84
\c@subparagraph=\count85

(c:/texlive/2013/texmf-dist/tex/latex/base/makeidx.sty
Package: makeidx 2000/03/29 v1.0m Standard LaTeX package
)
(c:/texlive/2013/texmf-dist/tex/latex/ncclatex/ncclatex.sty
Package: ncclatex 2006/01/17 v1.07 NCC-LaTeX Extension Package (NCC)

(c:/texlive/2013/texmf-dist/tex/latex/ncclatex/nccdefaults.sty
Package: nccdefaults 2006/01/17 v1.03 NCC-LaTeX default settings (NCC)

(c:/texlive/2013/texmf-dist/tex/latex/ncctools/afterpackage.sty
Package: afterpackage 2006/01/17 v1.1 Apply Commands After Package (NCC)
)
After Package Info: Apply commands to dcounter on input line 18
After Package Info: Collect commands for nccboxes on input line 25
After Package Info: Collect commands for nccsect on input line 29
After Package Info: Collect commands for nccthm on input line 88
After Package Info: Collect commands for babel on input line 108
)
(c:/texlive/2013/texmf-dist/tex/latex/ncctools/desclist.sty
Package: desclist 2004/11/23 v1.1 Desclist Package (NCC)
)
(c:/texlive/2013/texmf-dist/tex/latex/ncctools/extdash.sty
Package: extdash 2005/01/29 v1.2 Extended Dash Package (NCC)
)
(c:/texlive/2013/texmf-dist/tex/latex/ncctools/nccmath.sty
Package: nccmath 2005/02/21 v1.2 Additional Math Commands (NCC)

(c:/texlive/2013/texmf-dist/tex/latex/amsmath/amsmath.sty
Package: amsmath 2013/01/14 v2.14 AMS math features
\@mathmargin=\skip41

For additional information on amsmath, use the `?' option.
(c:/texlive/2013/texmf-dist/tex/latex/amsmath/amstext.sty
Package: amstext 2000/06/29 v2.01

(c:/texlive/2013/texmf-dist/tex/latex/amsmath/amsgen.sty
File: amsgen.sty 1999/11/30 v2.0
\@emptytoks=\toks14
\ex@=\dimen102
))
(c:/texlive/2013/texmf-dist/tex/latex/amsmath/amsbsy.sty
Package: amsbsy 1999/11/29 v1.2d
\pmbraise@=\dimen103
)
(c:/texlive/2013/texmf-dist/tex/latex/amsmath/amsopn.sty
Package: amsopn 1999/12/14 v2.01 operator names
)
\inf@bad=\count86
LaTeX Info: Redefining \frac on input line 210.
\uproot@=\count87
\leftroot@=\count88
LaTeX Info: Redefining \overline on input line 306.
\classnum@=\count89
\DOTSCASE@=\count90
LaTeX Info: Redefining \ldots on input line 378.
LaTeX Info: Redefining \dots on input line 381.
LaTeX Info: Redefining \cdots on input line 466.
\Mathstrutbox@=\box26
\strutbox@=\box27
\big@size=\dimen104
LaTeX Font Info:    Redeclaring font encoding OML on input line 566.
LaTeX Font Info:    Redeclaring font encoding OMS on input line 567.
\macc@depth=\count91
\c@MaxMatrixCols=\count92
\dotsspace@=\muskip10
\c@parentequation=\count93
\dspbrk@lvl=\count94
\tag@help=\toks15
\row@=\count95
\column@=\count96
\maxfields@=\count97
\andhelp@=\toks16
\eqnshift@=\dimen105
\alignsep@=\dimen106
\tagshift@=\dimen107
\tagwidth@=\dimen108
\totwidth@=\dimen109
\lineht@=\dimen110
\@envbody=\toks17
\multlinegap=\skip42
\multlinetaggap=\skip43
\mathdisplay@stack=\toks18
LaTeX Info: Redefining \[ on input line 2665.
LaTeX Info: Redefining \] on input line 2666.
)
\NCC@fracrulewidth=\dimen111
)
(c:/texlive/2013/texmf-dist/tex/latex/ncctools/nccsect.sty
Package: nccsect 2006/01/19 v1.5 Extended Section, Caption, and TOC Handling (N
CC)
After Package Info: Collect commands for supertabular on input line 691
After Package Info: Collect commands for xtab on input line 701
After Package Info: Collect commands for longtable on input line 714
LaTeX Info: Redefining \numberline on input line 809.
)
After Package Info: Apply commands to nccsect on input line 31

(c:/texlive/2013/texmf-dist/tex/latex/ncctools/watermark.sty
Package: watermark 2004/12/09 v1.1 Watermarks (NCC)
)
(c:/texlive/2013/texmf-dist/tex/latex/ncclatex/ncctheorems.sty
Package: ncctheorems 2006/01/17 v1.01 NCC-LaTeX default theorems (NCC)
After Package Info: Collect commands for nccthm on input line 16
After Package Info: Collect commands for babel on input line 65
)
(c:/texlive/2013/texmf-dist/tex/latex/ncctools/nccthm.sty
Package: nccthm 2004/12/16 v1.1 NCC Extention to Theorems (NCC)
)
After Package Info: Apply commands to nccthm on input line 62
After Package Info: Collect commands for babel on input line 62

(c:/texlive/2013/texmf-dist/tex/latex/ncctools/nccboxes.sty
Package: nccboxes 2005/02/07 v1.2 Additional Boxes (NCC)
\NCC@strutbox=\box28
\NCC@strutsep=\dimen112
)
After Package Info: Apply commands to nccboxes on input line 62

(c:/texlive/2013/texmf-dist/tex/latex/ncctools/nccfoots.sty
Package: nccfoots 2005/02/03 v1.2 NCC Footnotes Package (NCC)
)
(c:/texlive/2013/texmf-dist/tex/latex/ncctools/nccpic.sty
Package: nccpic 2005/03/06 v1.2 NCC Extention of Graphicx (NCC)

(c:/texlive/2013/texmf-dist/tex/latex/graphics/graphicx.sty
Package: graphicx 1999/02/16 v1.0f Enhanced LaTeX Graphics (DPC,SPQR)

(c:/texlive/2013/texmf-dist/tex/latex/graphics/keyval.sty
Package: keyval 1999/03/16 v1.13 key=value parser (DPC)
\KV@toks@=\toks19
)
(c:/texlive/2013/texmf-dist/tex/latex/graphics/graphics.sty
Package: graphics 2009/02/05 v1.0o Standard LaTeX Graphics (DPC,SPQR)

(c:/texlive/2013/texmf-dist/tex/latex/graphics/trig.sty
Package: trig 1999/03/16 v1.09 sin cos tan (DPC)
)
(c:/texlive/2013/texmf-dist/tex/latex/latexconfig/graphics.cfg
File: graphics.cfg 2010/04/23 v1.9 graphics configuration of TeX Live
)
Package graphics Info: Driver file: pdftex.def on input line 91.

(c:/texlive/2013/texmf-dist/tex/latex/pdftex-def/pdftex.def
File: pdftex.def 2011/05/27 v0.06d Graphics/color for pdfTeX

(c:/texlive/2013/texmf-dist/tex/generic/oberdiek/infwarerr.sty
Package: infwarerr 2010/04/08 v1.3 Providing info/warning/error messages (HO)
)
(c:/texlive/2013/texmf-dist/tex/generic/oberdiek/ltxcmds.sty
Package: ltxcmds 2011/11/09 v1.22 LaTeX kernel commands for general use (HO)
)
\Gread@gobject=\count98
After Package Info: Apply commands to trig on input line 1786
))
\Gin@req@height=\dimen113
\Gin@req@width=\dimen114
))
(c:/texlive/2013/texmf-dist/tex/latex/ncctools/nccfloats.sty
Package: nccfloats 2006/01/07 v1.2 More Float Management (NCC)
)
After Package Info: Collect commands for babel on input line 67

(c:/texlive/2013/texmf-dist/tex/latex/base/fontenc.sty
Package: fontenc 2005/09/27 v1.99g Standard LaTeX package

(c:/texlive/2013/texmf-dist/tex/latex/cyrillic/t2aenc.def
File: t2aenc.def 2005/09/27 v1.0i Cyrillic encoding definition file
)
LaTeX Font Info:    Try loading font information for T2A+cmr on input line 100.


(c:/texlive/2013/texmf-dist/tex/latex/cyrillic/t2acmr.fd
File: t2acmr.fd 2001/08/11 v1.0a Computer Modern Cyrillic font definitions
))
(c:/texlive/2013/texmf-dist/tex/latex/ncclatex/nccltrus.sty
Package: nccltrus 2005/12/27 v1.07 Russian specifics (NCC)

(c:/texlive/2013/texmf-dist/tex/generic/babel/babel.sty
Package: babel 2013/05/16 v3.9f The Babel package

(c:/texlive/2013/texmf-dist/tex/generic/babel-russian/russianb.ldf
Language: russian 2013/04/13 1.3a Russian support from the babel system

(c:/texlive/2013/texmf-dist/tex/generic/babel/babel.def
File: babel.def 2013/05/16 v3.9f Babel common definitions
\babel@savecnt=\count99
\U@D=\dimen115
)
Package babel Info: Making " an active character on input line 147.
))
After Package Info: Apply commands to babel on input line 30
Package babel Info: Redefining russian shorthand "`
(babel)             in language  on input line 30.
LaTeX Info: Redefining \flqq on input line 30.
LaTeX Info: Redefining \frqq on input line 30.
))
(c:/texlive/2013/texmf-dist/tex/latex/ncctools/topsection.sty
Package: topsection 2005/12/24 v1.0 Top section definition (NCC)
)
(c:/texlive/2013/texmf-dist/tex/latex/ncclatex/ncctitlepage.sty
Package: ncctitlepage 2005/12/26 v1.00 The titlepage environment (NCC)

(c:/texlive/2013/texmf-dist/tex/latex/ncctools/textarea.sty
Package: textarea 2005/12/26 v1.0 Text area control (NCC)
))
(c:/texlive/2013/texmf-dist/tex/latex/ncclatex/nccheadings.sty
Package: nccheadings 2005/12/28 v1.00 Headings in ncc-style (NCC)
)
(c:/texlive/2013/texmf-dist/tex/latex/ncclatex/nccold.sty
Package: nccold 2002/02/19 v1.01 Obsolete NCC-LaTeX Commands (NCC)
)
\bibindent=\dimen116

(c:/texlive/2013/texmf-dist/tex/latex/ncclatex/nccbiblist.sty
Package: nccbiblist 2005/12/24 v1.00 Bibliography list (NCC)
)
(c:/texlive/2013/texmf-dist/tex/latex/ncclatex/nccbook.clo
File: nccbook.clo 2005/12/29 v1.06 Book subclass (NCC)
)
(c:/texlive/2013/texmf-dist/tex/latex/ncclatex/ncctitle.sty
Package: ncctitle 2005/12/26 v1.06 Title page (NCC)
))
(c:/texlive/2013/texmf-dist/tex/latex/base/inputenc.sty
Package: inputenc 2008/03/30 v1.1d Input encoding file
\inpenc@prehook=\toks20
\inpenc@posthook=\toks21

(c:/texlive/2013/texmf-dist/tex/latex/cyrillic/cp1251.def
File: cp1251.def 1999/11/16 v1.0d Input encoding file
))
(c:/texlive/2013/texmf-dist/tex/latex/geometry/geometry.sty
Package: geometry 2010/09/12 v5.6 Page Geometry

(c:/texlive/2013/texmf-dist/tex/generic/oberdiek/ifpdf.sty
Package: ifpdf 2011/01/30 v2.3 Provides the ifpdf switch (HO)
Package ifpdf Info: pdfTeX in PDF mode is detected.
)
(c:/texlive/2013/texmf-dist/tex/generic/oberdiek/ifvtex.sty
Package: ifvtex 2010/03/01 v1.5 Detect VTeX and its facilities (HO)
Package ifvtex Info: VTeX not detected.
)
(c:/texlive/2013/texmf-dist/tex/generic/ifxetex/ifxetex.sty
Package: ifxetex 2010/09/12 v0.6 Provides ifxetex conditional
)
\Gm@cnth=\count100
\Gm@cntv=\count101
\c@Gm@tempcnt=\count102
\Gm@bindingoffset=\dimen117
\Gm@wd@mp=\dimen118
\Gm@odd@mp=\dimen119
\Gm@even@mp=\dimen120
\Gm@layoutwidth=\dimen121
\Gm@layoutheight=\dimen122
\Gm@layouthoffset=\dimen123
\Gm@layoutvoffset=\dimen124
\Gm@dimlist=\toks22
)
(c:/texlive/2013/texmf-dist/tex/latex/amsfonts/amsfonts.sty
Package: amsfonts 2013/01/14 v3.01 Basic AMSFonts support
\symAMSa=\mathgroup4
\symAMSb=\mathgroup5
LaTeX Font Info:    Overwriting math alphabet `\mathfrak' in version `bold'
(Font)                  U/euf/m/n --> U/euf/b/n on input line 106.
)
(c:/texlive/2013/texmf-dist/tex/latex/amsfonts/amssymb.sty
Package: amssymb 2013/01/14 v3.01 AMS font symbols
) (./monography.aux
(./intro.aux) (./chapter-1.aux) (./chapter-2.aux) (./chapter-7.aux))
\openout1 = `monography.aux'.

LaTeX Font Info:    Checking defaults for OML/cmm/m/it on input line 7.
LaTeX Font Info:    ... okay on input line 7.
LaTeX Font Info:    Checking defaults for T1/cmr/m/n on input line 7.
LaTeX Font Info:    ... okay on input line 7.
LaTeX Font Info:    Checking defaults for OT1/cmr/m/n on input line 7.
LaTeX Font Info:    ... okay on input line 7.
LaTeX Font Info:    Checking defaults for OMS/cmsy/m/n on input line 7.
LaTeX Font Info:    ... okay on input line 7.
LaTeX Font Info:    Checking defaults for OMX/cmex/m/n on input line 7.
LaTeX Font Info:    ... okay on input line 7.
LaTeX Font Info:    Checking defaults for U/cmr/m/n on input line 7.
LaTeX Font Info:    ... okay on input line 7.
LaTeX Font Info:    Checking defaults for T2A/cmr/m/n on input line 7.
LaTeX Font Info:    ... okay on input line 7.

(c:/texlive/2013/texmf-dist/tex/context/base/supp-pdf.mkii
[Loading MPS to PDF converter (version 2006.09.02).]
\scratchcounter=\count103
\scratchdimen=\dimen125
\scratchbox=\box29
\nofMPsegments=\count104
\nofMParguments=\count105
\everyMPshowfont=\toks23
\MPscratchCnt=\count106
\MPscratchDim=\dimen126
\MPnumerator=\count107
\makeMPintoPDFobject=\count108
\everyMPtoPDFconversion=\toks24
) (c:/texlive/2013/texmf-dist/tex/generic/oberdiek/pdftexcmds.sty
Package: pdftexcmds 2011/11/29 v0.20 Utility functions of pdfTeX for LuaTeX (HO
)

(c:/texlive/2013/texmf-dist/tex/generic/oberdiek/ifluatex.sty
Package: ifluatex 2010/03/01 v1.3 Provides the ifluatex switch (HO)
Package ifluatex Info: LuaTeX not detected.
)
Package pdftexcmds Info: LuaTeX not detected.
Package pdftexcmds Info: \pdf@primitive is available.
Package pdftexcmds Info: \pdf@ifprimitive is available.
Package pdftexcmds Info: \pdfdraftmode found.
)
(c:/texlive/2013/texmf-dist/tex/latex/oberdiek/epstopdf-base.sty
Package: epstopdf-base 2010/02/09 v2.5 Base part for package epstopdf

(c:/texlive/2013/texmf-dist/tex/latex/oberdiek/grfext.sty
Package: grfext 2010/08/19 v1.1 Manage graphics extensions (HO)

(c:/texlive/2013/texmf-dist/tex/generic/oberdiek/kvdefinekeys.sty
Package: kvdefinekeys 2011/04/07 v1.3 Define keys (HO)
))
(c:/texlive/2013/texmf-dist/tex/latex/oberdiek/kvoptions.sty
Package: kvoptions 2011/06/30 v3.11 Key value format for package options (HO)

(c:/texlive/2013/texmf-dist/tex/generic/oberdiek/kvsetkeys.sty
Package: kvsetkeys 2012/04/25 v1.16 Key value parser (HO)

(c:/texlive/2013/texmf-dist/tex/generic/oberdiek/etexcmds.sty
Package: etexcmds 2011/02/16 v1.5 Avoid name clashes with e-TeX commands (HO)
Package etexcmds Info: Could not find \expanded.
(etexcmds)             That can mean that you are not using pdfTeX 1.50 or
(etexcmds)             that some package has redefined \expanded.
(etexcmds)             In the latter case, load this package earlier.
)))
Package grfext Info: Graphics extension search list:
(grfext)             [.png,.pdf,.jpg,.mps,.jpeg,.jbig2,.jb2,.PNG,.PDF,.JPG,.JPE
G,.JBIG2,.JB2,.eps]
(grfext)             \AppendGraphicsExtensions on input line 452.

(c:/texlive/2013/texmf-dist/tex/latex/latexconfig/epstopdf-sys.cfg
File: epstopdf-sys.cfg 2010/07/13 v1.3 Configuration of (r)epstopdf for TeX Liv
e
))
*geometry* driver: auto-detecting
*geometry* detected driver: pdftex
*geometry* verbose mode - [ preamble ] result:
* driver: pdftex
* paper: <default>
* layout: <same size as paper>
* layoutoffset:(h,v)=(0.0pt,0.0pt)
* modes: twoside 
* h-part:(L,W,R)=(51.21495pt, 495.07797pt, 51.21495pt)
* v-part:(T,H,B)=(56.9055pt, 717.00946pt, 71.13188pt)
* \paperwidth=597.50787pt
* \paperheight=845.04684pt
* \textwidth=495.07797pt
* \textheight=717.00946pt
* \oddsidemargin=-21.05504pt
* \evensidemargin=-21.05504pt
* \topmargin=-54.36449pt
* \headheight=14.0pt
* \headsep=25.0pt
* \topskip=14.0pt
* \footskip=30.0pt
* \marginparwidth=85.0pt
* \marginparsep=7.0pt
* \columnsep=10.0pt
* \skip\footins=13.0pt plus 4.0pt minus 2.0pt
* \hoffset=0.0pt
* \voffset=0.0pt
* \mag=1000
* \@twocolumnfalse
* \@twosidetrue
* \@mparswitchtrue
* \@reversemarginfalse
* (1in=72.27pt=25.4mm, 1cm=28.453pt)

LaTeX Font Info:    Try loading font information for U+msa on input line 17.
(c:/texlive/2013/texmf-dist/tex/latex/amsfonts/umsa.fd
File: umsa.fd 2013/01/14 v3.01 AMS symbols A
)
LaTeX Font Info:    Try loading font information for U+msb on input line 17.

(c:/texlive/2013/texmf-dist/tex/latex/amsfonts/umsb.fd
File: umsb.fd 2013/01/14 v3.01 AMS symbols B
) [0



{c:/texlive/2013/texmf-var/fonts/map/pdftex/updmap/pdftex.map}] (./monography.t
oc
Overfull \hbox (2.12918pt too wide) detected at line 8
 \T2A/cmr/bx/n/14.4 31
 []


Overfull \hbox (2.12918pt too wide) detected at line 10
 \T2A/cmr/bx/n/14.4 32
 []

)
\tf@toc=\write3
\openout3 = `monography.toc'.

 [1



]
\openout2 = `intro.aux'.

 (./intro.tex
{\cyrillictext \CYRG \cyrl \cyra \cyrv \cyra } 0.
[2


] [3]
Overfull \hbox (5.61115pt too wide) in paragraph at lines 31--32
\T2A/cmr/m/n/14.4 ориентированную струк-ту-ру (пространственно-армированных ком
-по-зи-тов), поз-
 []

[4] [5]
Overfull \hbox (16.85388pt too wide) in paragraph at lines 45--46
[]\T2A/cmr/m/n/14.4 ¬ от-че-те при-во-д€т-с€ ре-зуль-та-ты ис-сле-до-ва-ний по 
мо-де-ли-ро-ва-нию напр€женно-
 []


Overfull \hbox (4.86192pt too wide) in paragraph at lines 47--48
\T2A/cmr/m/n/14.4 однородный упру-гий ма-те-ри-ал. ѕред-ме-том ис-сле-до-ва-ни€
 €в-л€-ют-с€ мо-де-ли Ќƒ—
 []

[6]) [7]
\openout2 = `chapter-1.aux'.

 (./chapter-1.tex
{\cyrillictext \CYRG \cyrl \cyra \cyrv \cyra } 1.
<cartesian.pdf, id=33, 229.85675pt x 260.75519pt>
File: cartesian.pdf Graphic file (type pdf)
 <use cartesian.pdf>
Package pdftex.def Info: cartesian.pdf used on input line 14.
(pdftex.def)             Requested size: 227.62204pt x 258.23196pt.
\c@figure=\count109

Overfull \hbox (0.351pt too wide) detected at line 20
[] \OT1/cmr/bx/n/14.4 = [] [] [] = [] [] [] [] [] = [][][] [] [] [] [] = [][][]
 [] [] [] []\OML/cmm/b/it/14.4 ;
 []

[8



]
Overfull \hbox (4.27881pt too wide) detected at line 49
\OML/cmm/b/it/14.4 u[] [] \OT1/cmr/bx/n/14.4 = [] \OML/cmm/b/it/14.4 P[]\OT1/cm
r/bx/n/14.4 ([] \OML/cmm/b/it/14.4 ^^R\OT1/cmr/bx/n/14.4 )[]\OML/cmm/b/it/14.4 
;  n; m \OMS/cmsy/b/n/14.4 2 \U/msb/m/n/14.4 Z\OML/cmm/b/it/14.4 ; \OMS/cmsy/b/
n/14.4 j\OML/cmm/b/it/14.4 m\OMS/cmsy/b/n/14.4 j ^^T \OML/cmm/b/it/14.4 n\OT1/c
mr/bx/n/14.4 ;
 []

\c@theorem=\count110
[9 <./cartesian.pdf>] [10]
Overfull \hbox (13.42877pt too wide) detected at line 135
\OML/cmm/b/it/14.4 u[] [] \OT1/cmr/bx/n/14.4 = [] []\OML/cmm/b/it/14.4 u[] [] u
[] [] :
 []


Overfull \hbox (14.3362pt too wide) detected at line 140
\OML/cmm/b/it/14.4 u[] [] \OT1/cmr/bx/n/14.4 = [] []\OML/cmm/b/it/14.4 u[] [] u
[] [] :
 []

[11] [12] [13] [14] [15] [16]
Overfull \hbox (1.24725pt too wide) in paragraph at lines 343--344
\T2A/cmr/m/n/14.4 иг-ра-ют су-ще-ствен-ную роль при мо-де-ли-ро-ва-нии напр€жен
но-деформированного
 []

[17] [18] [19] [20] [21]
Overfull \hbox (6.01698pt too wide) in paragraph at lines 549--550
[]\T2A/cmr/m/n/14.4 ѕреобразуем ко-эф-фи-ци-ен-ты при по-мо-щи ре-кур-рент-но-г
о со-от-но-ше-ни€ [] 
 []

[22] [23]
Overfull \hbox (6.26073pt too wide) detected at line 650
\OML/cmm/b/it/14.4 f[]\OT1/cmr/bx/n/14.4 ([]) = [] [][][][][]
 []

[24]
Overfull \hbox (21.99895pt too wide) detected at line 683
 []$[]  [] \OT1/cmr/bx/n/14.4 = [] []$ 
 []


Overfull \hbox (23.55714pt too wide) detected at line 721
 []$[]  \OT1/cmr/bx/n/14.4 U[] [] = [] []$ 
 []


Overfull \hbox (21.5338pt too wide) detected at line 721
 []$[] \OT1/cmr/bx/n/14.4 + (\OML/cmm/b/it/14.4 n \OMS/cmsy/b/n/14.4 ^^@ \OML/c
mm/b/it/14.4 m \OMS/cmsy/b/n/14.4 ^^@ \OT1/cmr/bx/n/14.4 1)(\OML/cmm/b/it/14.4 
n \OT1/cmr/bx/n/14.4 + \OML/cmm/b/it/14.4 m \OT1/cmr/bx/n/14.4 + 1)\OML/cmm/b/i
t/14.4 u[] [] [] \OT1/cmr/bx/n/14.4 + [] \OMS/cmsy/b/n/14.4 ^^B$ 
 []

[25]
Overfull \hbox (25.22739pt too wide) detected at line 734
\OT1/cmr/bx/n/14.4 U[] [] = [] []\OML/cmm/b/it/14.4 f[]\OT1/cmr/bx/n/14.4 U[] [
] ;  []\OML/cmm/b/it/14.4 s \OT1/cmr/bx/n/14.4 = 1\OML/cmm/b/it/14.4 ; [][]\OT1
/cmr/bx/n/14.4 3;
 []


Overfull \hbox (26.13481pt too wide) detected at line 755
\OT1/cmr/bx/n/14.4 U[] [] = [] []\OML/cmm/b/it/14.4 f[]\OT1/cmr/bx/n/14.4 U[] [
] ;  []\OML/cmm/b/it/14.4 s \OT1/cmr/bx/n/14.4 = 1\OML/cmm/b/it/14.4 ; [][]\OT1
/cmr/bx/n/14.4 3;
 []


LaTeX Warning: Reference `eq:1:16' on page 26 undefined on input line 770.

[26] [27]
Overfull \hbox (10.26317pt too wide) detected at line 820
 []$[]  \OT1/cmr/bx/n/14.4 U[] [] = \OMS/cmsy/b/n/14.4 ^^G [] [] \OT1/cmr/bx/n/
14.4 +$ 
 []

[28]
Overfull \hbox (18.3723pt too wide) detected at line 881
\OT1/cmr/bx/n/14.4 U[] [] = [] []\OML/cmm/b/it/14.4 u[] [] [][]u[] [] :
 []

[29]
Overfull \hbox (15.625pt too wide) in paragraph at lines 925--926
[]\T2A/cmr/m/n/14.4 ѕодстановка [] в [] окон-ча-тель-но до-ка-зы-ва-ет раз-ло-ж
е-ние []. 
 []

) [30]
\openout2 = `chapter-2.aux'.

 (./chapter-2.tex
{\cyrillictext \CYRG \cyrl \cyra \cyrv \cyra } 2.

Overfull \hbox (4.56618pt too wide) in paragraph at lines 9--10
[]\T2A/cmr/m/n/14.4  оординаты в вве-ден-ных си-сте-мах ко-ор-ди-нат св€-за-ны 
со-от-но-ше-ни-€-ми [],
 []

) [31



]
\openout2 = `chapter-7.aux'.

 (./chapter-7.tex
{\cyrillictext \CYRG \cyrl \cyra \cyrv \cyra } 3.

LaTeX Warning: Reference `' on page 32 undefined on input line 7.

<cylinders-4.pdf, id=133, 423.33557pt x 271.44612pt>
File: cylinders-4.pdf Graphic file (type pdf)
 <use cylinders-4.pdf>
Package pdftex.def Info: cylinders-4.pdf used on input line 10.
(pdftex.def)             Requested size: 284.52756pt x 182.44781pt.


LaTeX Warning: Reference `' on page 32 undefined on input line 14.

[32



 <./cylinders-4.pdf>]

LaTeX Warning: Reference `' on page 33 undefined on input line 44.

) [33] (./monography.aux (./intro.aux) (./chapter-1.aux) (./chapter-2.aux)
(./chapter-7.aux))

LaTeX Warning: There were undefined references.


LaTeX Warning: Label(s) may have changed. Rerun to get cross-references right.

 ) 
Here is how much of TeX's memory you used:
 4952 strings out of 493315
 65155 string characters out of 6141455
 146797 words of memory out of 5000000
 8213 multiletter control sequences out of 15000+600000
 22460 words of font info for 51 fonts, out of 8000000 for 9000
 957 hyphenation exceptions out of 8191
 48i,18n,33p,1929b,285s stack positions out of 5000i,500n,10000p,200000b,80000s
{c:/texlive/2013/texmf-dist/fonts/enc/dvips/cm-super/cm-super-t2a.enc}<c:/tex
live/2013/texmf-dist/fonts/type1/public/amsfonts/cm/cmbsy10.pfb><c:/texlive/201
3/texmf-dist/fonts/type1/public/amsfonts/cm/cmbx10.pfb><c:/texlive/2013/texmf-d
ist/fonts/type1/public/amsfonts/cm/cmbx12.pfb><c:/texlive/2013/texmf-dist/fonts
/type1/public/amsfonts/cm/cmbx7.pfb><c:/texlive/2013/texmf-dist/fonts/type1/pub
lic/amsfonts/cm/cmex10.pfb><c:/texlive/2013/texmf-dist/fonts/type1/public/amsfo
nts/cm/cmmi10.pfb><c:/texlive/2013/texmf-dist/fonts/type1/public/amsfonts/cm/cm
mib10.pfb><c:/texlive/2013/texmf-dist/fonts/type1/public/amsfonts/cmextra/cmmib
7.pfb><c:/texlive/2013/texmf-dist/fonts/type1/public/amsfonts/cm/cmr7.pfb><c:/t
exlive/2013/texmf-dist/fonts/type1/public/amsfonts/symbols/msbm10.pfb><c:/texli
ve/2013/texmf-dist/fonts/type1/public/cm-super/sfbx1200.pfb><c:/texlive/2013/te
xmf-dist/fonts/type1/public/cm-super/sfbx1440.pfb><c:/texlive/2013/texmf-dist/f
onts/type1/public/cm-super/sfbx1728.pfb><c:/texlive/2013/texmf-dist/fonts/type1
/public/cm-super/sfbx2074.pfb><c:/texlive/2013/texmf-dist/fonts/type1/public/cm
-super/sfbx2488.pfb><c:/texlive/2013/texmf-dist/fonts/type1/public/cm-super/sfr
m1200.pfb><c:/texlive/2013/texmf-dist/fonts/type1/public/cm-super/sfrm1440.pfb>
<c:/texlive/2013/texmf-dist/fonts/type1/public/cm-super/sfti1200.pfb><c:/texliv
e/2013/texmf-dist/fonts/type1/public/cm-super/sfti1440.pfb>
Output written on monography.pdf (34 pages, 358850 bytes).
PDF statistics:
 205 PDF objects out of 1000 (max. 8388607)
 146 compressed objects within 2 object streams
 0 named destinations out of 1000 (max. 500000)
 11 words of extra memory for PDF output out of 10000 (max. 10000000)

