This is pdfTeX, Version 3.14159265-2.6-1.40.16 (TeX Live 2015/Debian) (preloaded format=pdflatex 2017.8.24)  23 DEC 2017 00:49
entering extended mode
 restricted \write18 enabled.
 %&-line parsing enabled.
**thesis-ukr.tex
(./thesis-ukr.tex
LaTeX2e <2016/02/01>
Babel <3.9q> and hyphenation patterns for 81 language(s) loaded.
(/usr/share/texlive/texmf-dist/tex/latex/ncclatex/ncc.cls
Document Class: ncc 2006/01/17 v1.10 NCC-LaTeX document class (NCC)
(/usr/share/texlive/texmf-dist/tex/latex/ncclatex/ncc14.clo
File: ncc14.clo 2002/01/28 v1.00 Size option (NCC)
)
(/usr/share/texlive/texmf-dist/tex/latex/ncctools/tocenter.sty
Package: tocenter 2004/12/09 v1.1 Centering Page Layout (NCC)
)
(/usr/share/texlive/texmf-dist/tex/latex/ncctools/dcounter.sty
Package: dcounter 2005/04/25 v1.2 Dynamic Counters (NCC)
)
\c@part=\count79
\c@chapter=\count80
\c@section=\count81
\c@subsection=\count82
\c@subsubsection=\count83
\c@paragraph=\count84
\c@subparagraph=\count85

(/usr/share/texlive/texmf-dist/tex/latex/base/makeidx.sty
Package: makeidx 2014/09/29 v1.0m Standard LaTeX package
)
(/usr/share/texlive/texmf-dist/tex/latex/ncclatex/ncclatex.sty
Package: ncclatex 2006/01/17 v1.07 NCC-LaTeX Extension Package (NCC)

(/usr/share/texlive/texmf-dist/tex/latex/ncclatex/nccdefaults.sty
Package: nccdefaults 2006/01/17 v1.03 NCC-LaTeX default settings (NCC)

(/usr/share/texlive/texmf-dist/tex/latex/ncctools/afterpackage.sty
Package: afterpackage 2006/01/17 v1.1 Apply Commands After Package (NCC)
)
After Package Info: Apply commands to dcounter on input line 18
After Package Info: Collect commands for nccboxes on input line 25
After Package Info: Collect commands for nccsect on input line 29
After Package Info: Collect commands for nccthm on input line 88
After Package Info: Collect commands for babel on input line 108
)
(/usr/share/texlive/texmf-dist/tex/latex/ncctools/desclist.sty
Package: desclist 2004/11/23 v1.1 Desclist Package (NCC)
)
(/usr/share/texlive/texmf-dist/tex/latex/ncctools/extdash.sty
Package: extdash 2005/01/29 v1.2 Extended Dash Package (NCC)
)
(/usr/share/texlive/texmf-dist/tex/latex/ncctools/nccmath.sty
Package: nccmath 2005/02/21 v1.2 Additional Math Commands (NCC)

(/usr/share/texlive/texmf-dist/tex/latex/amsmath/amsmath.sty
Package: amsmath 2016/03/03 v2.15a AMS math features
\@mathmargin=\skip41

For additional information on amsmath, use the `?' option.
(/usr/share/texlive/texmf-dist/tex/latex/amsmath/amstext.sty
Package: amstext 2000/06/29 v2.01 AMS text

(/usr/share/texlive/texmf-dist/tex/latex/amsmath/amsgen.sty
File: amsgen.sty 1999/11/30 v2.0 generic functions
\@emptytoks=\toks14
\ex@=\dimen102
))
(/usr/share/texlive/texmf-dist/tex/latex/amsmath/amsbsy.sty
Package: amsbsy 1999/11/29 v1.2d Bold Symbols
\pmbraise@=\dimen103
)
(/usr/share/texlive/texmf-dist/tex/latex/amsmath/amsopn.sty
Package: amsopn 1999/12/14 v2.01 operator names
)
\inf@bad=\count86
LaTeX Info: Redefining \frac on input line 199.
\uproot@=\count87
\leftroot@=\count88
LaTeX Info: Redefining \overline on input line 297.
\classnum@=\count89
\DOTSCASE@=\count90
LaTeX Info: Redefining \ldots on input line 394.
LaTeX Info: Redefining \dots on input line 397.
LaTeX Info: Redefining \cdots on input line 518.
\Mathstrutbox@=\box26
\strutbox@=\box27
\big@size=\dimen104
LaTeX Font Info:    Redeclaring font encoding OML on input line 630.
LaTeX Font Info:    Redeclaring font encoding OMS on input line 631.
\macc@depth=\count91
\c@MaxMatrixCols=\count92
\dotsspace@=\muskip10
\c@parentequation=\count93
\dspbrk@lvl=\count94
\tag@help=\toks15
\row@=\count95
\column@=\count96
\maxfields@=\count97
\andhelp@=\toks16
\eqnshift@=\dimen105
\alignsep@=\dimen106
\tagshift@=\dimen107
\tagwidth@=\dimen108
\totwidth@=\dimen109
\lineht@=\dimen110
\@envbody=\toks17
\multlinegap=\skip42
\multlinetaggap=\skip43
\mathdisplay@stack=\toks18
LaTeX Info: Redefining \[ on input line 2735.
LaTeX Info: Redefining \] on input line 2736.
)
\NCC@fracrulewidth=\dimen111
)
(/usr/share/texlive/texmf-dist/tex/latex/ncctools/nccsect.sty
Package: nccsect 2006/01/19 v1.5 Extended Section, Caption, and TOC Handling (N
CC)
After Package Info: Collect commands for supertabular on input line 691
After Package Info: Collect commands for xtab on input line 701
After Package Info: Collect commands for longtable on input line 714
LaTeX Info: Redefining \numberline on input line 809.
)
After Package Info: Apply commands to nccsect on input line 31

(/usr/share/texlive/texmf-dist/tex/latex/ncctools/watermark.sty
Package: watermark 2004/12/09 v1.1 Watermarks (NCC)
)
(/usr/share/texlive/texmf-dist/tex/latex/ncclatex/ncctheorems.sty
Package: ncctheorems 2006/01/17 v1.01 NCC-LaTeX default theorems (NCC)
After Package Info: Collect commands for nccthm on input line 16
After Package Info: Collect commands for babel on input line 65
)
(/usr/share/texlive/texmf-dist/tex/latex/ncctools/nccthm.sty
Package: nccthm 2004/12/16 v1.1 NCC Extention to Theorems (NCC)
)
After Package Info: Apply commands to nccthm on input line 62
After Package Info: Collect commands for babel on input line 62

(/usr/share/texlive/texmf-dist/tex/latex/ncctools/nccboxes.sty
Package: nccboxes 2005/02/07 v1.2 Additional Boxes (NCC)
\NCC@strutbox=\box28
\NCC@strutsep=\dimen112
)
After Package Info: Apply commands to nccboxes on input line 62

(/usr/share/texlive/texmf-dist/tex/latex/ncctools/nccfoots.sty
Package: nccfoots 2005/02/03 v1.2 NCC Footnotes Package (NCC)
)
(/usr/share/texlive/texmf-dist/tex/latex/ncctools/nccpic.sty
Package: nccpic 2005/03/06 v1.2 NCC Extention of Graphicx (NCC)

(/usr/share/texlive/texmf-dist/tex/latex/graphics/graphicx.sty
Package: graphicx 2014/10/28 v1.0g Enhanced LaTeX Graphics (DPC,SPQR)

(/usr/share/texlive/texmf-dist/tex/latex/graphics/keyval.sty
Package: keyval 2014/10/28 v1.15 key=value parser (DPC)
\KV@toks@=\toks19
)
(/usr/share/texlive/texmf-dist/tex/latex/graphics/graphics.sty
Package: graphics 2016/01/03 v1.0q Standard LaTeX Graphics (DPC,SPQR)

(/usr/share/texlive/texmf-dist/tex/latex/graphics/trig.sty
Package: trig 2016/01/03 v1.10 sin cos tan (DPC)
)
(/usr/share/texlive/texmf-dist/tex/latex/latexconfig/graphics.cfg
File: graphics.cfg 2010/04/23 v1.9 graphics configuration of TeX Live
)
Package graphics Info: Driver file: pdftex.def on input line 95.

(/usr/share/texlive/texmf-dist/tex/latex/pdftex-def/pdftex.def
File: pdftex.def 2011/05/27 v0.06d Graphics/color for pdfTeX

(/usr/share/texlive/texmf-dist/tex/generic/oberdiek/infwarerr.sty
Package: infwarerr 2010/04/08 v1.3 Providing info/warning/error messages (HO)
)
(/usr/share/texlive/texmf-dist/tex/generic/oberdiek/ltxcmds.sty
Package: ltxcmds 2011/11/09 v1.22 LaTeX kernel commands for general use (HO)
)
\Gread@gobject=\count98
After Package Info: Apply commands to trig on input line 1786
))
\Gin@req@height=\dimen113
\Gin@req@width=\dimen114
))
(/usr/share/texlive/texmf-dist/tex/latex/ncctools/nccfloats.sty
Package: nccfloats 2006/01/07 v1.2 More Float Management (NCC)
)
After Package Info: Collect commands for babel on input line 67
)
(/usr/share/texlive/texmf-dist/tex/latex/ncctools/topsection.sty
Package: topsection 2005/12/24 v1.0 Top section definition (NCC)
)
(/usr/share/texlive/texmf-dist/tex/latex/ncclatex/ncctitlepage.sty
Package: ncctitlepage 2005/12/26 v1.00 The titlepage environment (NCC)

(/usr/share/texlive/texmf-dist/tex/latex/ncctools/textarea.sty
Package: textarea 2005/12/26 v1.0 Text area control (NCC)
))
(/usr/share/texlive/texmf-dist/tex/latex/ncclatex/nccheadings.sty
Package: nccheadings 2005/12/28 v1.00 Headings in ncc-style (NCC)
)
(/usr/share/texlive/texmf-dist/tex/latex/ncclatex/nccold.sty
Package: nccold 2002/02/19 v1.01 Obsolete NCC-LaTeX Commands (NCC)
)
\bibindent=\dimen115

(/usr/share/texlive/texmf-dist/tex/latex/ncclatex/nccbiblist.sty
Package: nccbiblist 2005/12/24 v1.00 Bibliography list (NCC)
)
(/usr/share/texlive/texmf-dist/tex/latex/ncclatex/nccbook.clo
File: nccbook.clo 2005/12/29 v1.06 Book subclass (NCC)
)
(/usr/share/texlive/texmf-dist/tex/latex/ncclatex/ncctitle.sty
Package: ncctitle 2005/12/26 v1.06 Title page (NCC)
))
(/usr/share/texlive/texmf-dist/tex/latex/base/fontenc.sty
Package: fontenc 2005/09/27 v1.99g Standard LaTeX package

(/usr/share/texlive/texmf-dist/tex/latex/cyrillic/t2aenc.def
File: t2aenc.def 2005/09/27 v1.0i Cyrillic encoding definition file
)
LaTeX Font Info:    Try loading font information for T2A+cmr on input line 105.


(/usr/share/texlive/texmf-dist/tex/latex/cyrillic/t2acmr.fd
File: t2acmr.fd 2001/08/11 v1.0a Computer Modern Cyrillic font definitions
))
(/usr/share/texlive/texmf-dist/tex/latex/base/inputenc.sty
Package: inputenc 2015/03/17 v1.2c Input encoding file
\inpenc@prehook=\toks20
\inpenc@posthook=\toks21

(/usr/share/texlive/texmf-dist/tex/latex/base/utf8.def
File: utf8.def 2015/12/03 v1.1r UTF-8 support for inputenc
Now handling font encoding OML ...
... no UTF-8 mapping file for font encoding OML
Now handling font encoding T1 ...
... processing UTF-8 mapping file for font encoding T1

(/usr/share/texlive/texmf-dist/tex/latex/base/t1enc.dfu
File: t1enc.dfu 2015/12/03 v1.1r UTF-8 support for inputenc
   defining Unicode char U+00A0 (decimal 160)
   defining Unicode char U+00A1 (decimal 161)
   defining Unicode char U+00A3 (decimal 163)
   defining Unicode char U+00AB (decimal 171)
   defining Unicode char U+00AD (decimal 173)
   defining Unicode char U+00BB (decimal 187)
   defining Unicode char U+00BF (decimal 191)
   defining Unicode char U+00C0 (decimal 192)
   defining Unicode char U+00C1 (decimal 193)
   defining Unicode char U+00C2 (decimal 194)
   defining Unicode char U+00C3 (decimal 195)
   defining Unicode char U+00C4 (decimal 196)
   defining Unicode char U+00C5 (decimal 197)
   defining Unicode char U+00C6 (decimal 198)
   defining Unicode char U+00C7 (decimal 199)
   defining Unicode char U+00C8 (decimal 200)
   defining Unicode char U+00C9 (decimal 201)
   defining Unicode char U+00CA (decimal 202)
   defining Unicode char U+00CB (decimal 203)
   defining Unicode char U+00CC (decimal 204)
   defining Unicode char U+00CD (decimal 205)
   defining Unicode char U+00CE (decimal 206)
   defining Unicode char U+00CF (decimal 207)
   defining Unicode char U+00D0 (decimal 208)
   defining Unicode char U+00D1 (decimal 209)
   defining Unicode char U+00D2 (decimal 210)
   defining Unicode char U+00D3 (decimal 211)
   defining Unicode char U+00D4 (decimal 212)
   defining Unicode char U+00D5 (decimal 213)
   defining Unicode char U+00D6 (decimal 214)
   defining Unicode char U+00D8 (decimal 216)
   defining Unicode char U+00D9 (decimal 217)
   defining Unicode char U+00DA (decimal 218)
   defining Unicode char U+00DB (decimal 219)
   defining Unicode char U+00DC (decimal 220)
   defining Unicode char U+00DD (decimal 221)
   defining Unicode char U+00DE (decimal 222)
   defining Unicode char U+00DF (decimal 223)
   defining Unicode char U+00E0 (decimal 224)
   defining Unicode char U+00E1 (decimal 225)
   defining Unicode char U+00E2 (decimal 226)
   defining Unicode char U+00E3 (decimal 227)
   defining Unicode char U+00E4 (decimal 228)
   defining Unicode char U+00E5 (decimal 229)
   defining Unicode char U+00E6 (decimal 230)
   defining Unicode char U+00E7 (decimal 231)
   defining Unicode char U+00E8 (decimal 232)
   defining Unicode char U+00E9 (decimal 233)
   defining Unicode char U+00EA (decimal 234)
   defining Unicode char U+00EB (decimal 235)
   defining Unicode char U+00EC (decimal 236)
   defining Unicode char U+00ED (decimal 237)
   defining Unicode char U+00EE (decimal 238)
   defining Unicode char U+00EF (decimal 239)
   defining Unicode char U+00F0 (decimal 240)
   defining Unicode char U+00F1 (decimal 241)
   defining Unicode char U+00F2 (decimal 242)
   defining Unicode char U+00F3 (decimal 243)
   defining Unicode char U+00F4 (decimal 244)
   defining Unicode char U+00F5 (decimal 245)
   defining Unicode char U+00F6 (decimal 246)
   defining Unicode char U+00F8 (decimal 248)
   defining Unicode char U+00F9 (decimal 249)
   defining Unicode char U+00FA (decimal 250)
   defining Unicode char U+00FB (decimal 251)
   defining Unicode char U+00FC (decimal 252)
   defining Unicode char U+00FD (decimal 253)
   defining Unicode char U+00FE (decimal 254)
   defining Unicode char U+00FF (decimal 255)
   defining Unicode char U+0100 (decimal 256)
   defining Unicode char U+0101 (decimal 257)
   defining Unicode char U+0102 (decimal 258)
   defining Unicode char U+0103 (decimal 259)
   defining Unicode char U+0104 (decimal 260)
   defining Unicode char U+0105 (decimal 261)
   defining Unicode char U+0106 (decimal 262)
   defining Unicode char U+0107 (decimal 263)
   defining Unicode char U+0108 (decimal 264)
   defining Unicode char U+0109 (decimal 265)
   defining Unicode char U+010A (decimal 266)
   defining Unicode char U+010B (decimal 267)
   defining Unicode char U+010C (decimal 268)
   defining Unicode char U+010D (decimal 269)
   defining Unicode char U+010E (decimal 270)
   defining Unicode char U+010F (decimal 271)
   defining Unicode char U+0110 (decimal 272)
   defining Unicode char U+0111 (decimal 273)
   defining Unicode char U+0112 (decimal 274)
   defining Unicode char U+0113 (decimal 275)
   defining Unicode char U+0114 (decimal 276)
   defining Unicode char U+0115 (decimal 277)
   defining Unicode char U+0116 (decimal 278)
   defining Unicode char U+0117 (decimal 279)
   defining Unicode char U+0118 (decimal 280)
   defining Unicode char U+0119 (decimal 281)
   defining Unicode char U+011A (decimal 282)
   defining Unicode char U+011B (decimal 283)
   defining Unicode char U+011C (decimal 284)
   defining Unicode char U+011D (decimal 285)
   defining Unicode char U+011E (decimal 286)
   defining Unicode char U+011F (decimal 287)
   defining Unicode char U+0120 (decimal 288)
   defining Unicode char U+0121 (decimal 289)
   defining Unicode char U+0122 (decimal 290)
   defining Unicode char U+0123 (decimal 291)
   defining Unicode char U+0124 (decimal 292)
   defining Unicode char U+0125 (decimal 293)
   defining Unicode char U+0128 (decimal 296)
   defining Unicode char U+0129 (decimal 297)
   defining Unicode char U+012A (decimal 298)
   defining Unicode char U+012B (decimal 299)
   defining Unicode char U+012C (decimal 300)
   defining Unicode char U+012D (decimal 301)
   defining Unicode char U+012E (decimal 302)
   defining Unicode char U+012F (decimal 303)
   defining Unicode char U+0130 (decimal 304)
   defining Unicode char U+0131 (decimal 305)
   defining Unicode char U+0132 (decimal 306)
   defining Unicode char U+0133 (decimal 307)
   defining Unicode char U+0134 (decimal 308)
   defining Unicode char U+0135 (decimal 309)
   defining Unicode char U+0136 (decimal 310)
   defining Unicode char U+0137 (decimal 311)
   defining Unicode char U+0139 (decimal 313)
   defining Unicode char U+013A (decimal 314)
   defining Unicode char U+013B (decimal 315)
   defining Unicode char U+013C (decimal 316)
   defining Unicode char U+013D (decimal 317)
   defining Unicode char U+013E (decimal 318)
   defining Unicode char U+0141 (decimal 321)
   defining Unicode char U+0142 (decimal 322)
   defining Unicode char U+0143 (decimal 323)
   defining Unicode char U+0144 (decimal 324)
   defining Unicode char U+0145 (decimal 325)
   defining Unicode char U+0146 (decimal 326)
   defining Unicode char U+0147 (decimal 327)
   defining Unicode char U+0148 (decimal 328)
   defining Unicode char U+014A (decimal 330)
   defining Unicode char U+014B (decimal 331)
   defining Unicode char U+014C (decimal 332)
   defining Unicode char U+014D (decimal 333)
   defining Unicode char U+014E (decimal 334)
   defining Unicode char U+014F (decimal 335)
   defining Unicode char U+0150 (decimal 336)
   defining Unicode char U+0151 (decimal 337)
   defining Unicode char U+0152 (decimal 338)
   defining Unicode char U+0153 (decimal 339)
   defining Unicode char U+0154 (decimal 340)
   defining Unicode char U+0155 (decimal 341)
   defining Unicode char U+0156 (decimal 342)
   defining Unicode char U+0157 (decimal 343)
   defining Unicode char U+0158 (decimal 344)
   defining Unicode char U+0159 (decimal 345)
   defining Unicode char U+015A (decimal 346)
   defining Unicode char U+015B (decimal 347)
   defining Unicode char U+015C (decimal 348)
   defining Unicode char U+015D (decimal 349)
   defining Unicode char U+015E (decimal 350)
   defining Unicode char U+015F (decimal 351)
   defining Unicode char U+0160 (decimal 352)
   defining Unicode char U+0161 (decimal 353)
   defining Unicode char U+0162 (decimal 354)
   defining Unicode char U+0163 (decimal 355)
   defining Unicode char U+0164 (decimal 356)
   defining Unicode char U+0165 (decimal 357)
   defining Unicode char U+0168 (decimal 360)
   defining Unicode char U+0169 (decimal 361)
   defining Unicode char U+016A (decimal 362)
   defining Unicode char U+016B (decimal 363)
   defining Unicode char U+016C (decimal 364)
   defining Unicode char U+016D (decimal 365)
   defining Unicode char U+016E (decimal 366)
   defining Unicode char U+016F (decimal 367)
   defining Unicode char U+0170 (decimal 368)
   defining Unicode char U+0171 (decimal 369)
   defining Unicode char U+0172 (decimal 370)
   defining Unicode char U+0173 (decimal 371)
   defining Unicode char U+0174 (decimal 372)
   defining Unicode char U+0175 (decimal 373)
   defining Unicode char U+0176 (decimal 374)
   defining Unicode char U+0177 (decimal 375)
   defining Unicode char U+0178 (decimal 376)
   defining Unicode char U+0179 (decimal 377)
   defining Unicode char U+017A (decimal 378)
   defining Unicode char U+017B (decimal 379)
   defining Unicode char U+017C (decimal 380)
   defining Unicode char U+017D (decimal 381)
   defining Unicode char U+017E (decimal 382)
   defining Unicode char U+01CD (decimal 461)
   defining Unicode char U+01CE (decimal 462)
   defining Unicode char U+01CF (decimal 463)
   defining Unicode char U+01D0 (decimal 464)
   defining Unicode char U+01D1 (decimal 465)
   defining Unicode char U+01D2 (decimal 466)
   defining Unicode char U+01D3 (decimal 467)
   defining Unicode char U+01D4 (decimal 468)
   defining Unicode char U+01E2 (decimal 482)
   defining Unicode char U+01E3 (decimal 483)
   defining Unicode char U+01E6 (decimal 486)
   defining Unicode char U+01E7 (decimal 487)
   defining Unicode char U+01E8 (decimal 488)
   defining Unicode char U+01E9 (decimal 489)
   defining Unicode char U+01EA (decimal 490)
   defining Unicode char U+01EB (decimal 491)
   defining Unicode char U+01F0 (decimal 496)
   defining Unicode char U+01F4 (decimal 500)
   defining Unicode char U+01F5 (decimal 501)
   defining Unicode char U+0218 (decimal 536)
   defining Unicode char U+0219 (decimal 537)
   defining Unicode char U+021A (decimal 538)
   defining Unicode char U+021B (decimal 539)
   defining Unicode char U+01E02 (decimal 7682)
   defining Unicode char U+01E03 (decimal 7683)
   defining Unicode char U+200C (decimal 8204)
   defining Unicode char U+2013 (decimal 8211)
   defining Unicode char U+2014 (decimal 8212)
   defining Unicode char U+2018 (decimal 8216)
   defining Unicode char U+2019 (decimal 8217)
   defining Unicode char U+201A (decimal 8218)
   defining Unicode char U+201C (decimal 8220)
   defining Unicode char U+201D (decimal 8221)
   defining Unicode char U+201E (decimal 8222)
   defining Unicode char U+2030 (decimal 8240)
   defining Unicode char U+2031 (decimal 8241)
   defining Unicode char U+2039 (decimal 8249)
   defining Unicode char U+203A (decimal 8250)
   defining Unicode char U+2423 (decimal 9251)
)
Now handling font encoding OT1 ...
... processing UTF-8 mapping file for font encoding OT1

(/usr/share/texlive/texmf-dist/tex/latex/base/ot1enc.dfu
File: ot1enc.dfu 2015/12/03 v1.1r UTF-8 support for inputenc
   defining Unicode char U+00A0 (decimal 160)
   defining Unicode char U+00A1 (decimal 161)
   defining Unicode char U+00A3 (decimal 163)
   defining Unicode char U+00AD (decimal 173)
   defining Unicode char U+00B8 (decimal 184)
   defining Unicode char U+00BF (decimal 191)
   defining Unicode char U+00C5 (decimal 197)
   defining Unicode char U+00C6 (decimal 198)
   defining Unicode char U+00D8 (decimal 216)
   defining Unicode char U+00DF (decimal 223)
   defining Unicode char U+00E6 (decimal 230)
   defining Unicode char U+00EC (decimal 236)
   defining Unicode char U+00ED (decimal 237)
   defining Unicode char U+00EE (decimal 238)
   defining Unicode char U+00EF (decimal 239)
   defining Unicode char U+00F8 (decimal 248)
   defining Unicode char U+0131 (decimal 305)
   defining Unicode char U+0141 (decimal 321)
   defining Unicode char U+0142 (decimal 322)
   defining Unicode char U+0152 (decimal 338)
   defining Unicode char U+0153 (decimal 339)
   defining Unicode char U+0174 (decimal 372)
   defining Unicode char U+0175 (decimal 373)
   defining Unicode char U+0176 (decimal 374)
   defining Unicode char U+0177 (decimal 375)
   defining Unicode char U+0218 (decimal 536)
   defining Unicode char U+0219 (decimal 537)
   defining Unicode char U+021A (decimal 538)
   defining Unicode char U+021B (decimal 539)
   defining Unicode char U+2013 (decimal 8211)
   defining Unicode char U+2014 (decimal 8212)
   defining Unicode char U+2018 (decimal 8216)
   defining Unicode char U+2019 (decimal 8217)
   defining Unicode char U+201C (decimal 8220)
   defining Unicode char U+201D (decimal 8221)
)
Now handling font encoding OMS ...
... processing UTF-8 mapping file for font encoding OMS

(/usr/share/texlive/texmf-dist/tex/latex/base/omsenc.dfu
File: omsenc.dfu 2015/12/03 v1.1r UTF-8 support for inputenc
   defining Unicode char U+00A7 (decimal 167)
   defining Unicode char U+00B6 (decimal 182)
   defining Unicode char U+00B7 (decimal 183)
   defining Unicode char U+2020 (decimal 8224)
   defining Unicode char U+2021 (decimal 8225)
   defining Unicode char U+2022 (decimal 8226)
)
Now handling font encoding OMX ...
... no UTF-8 mapping file for font encoding OMX
Now handling font encoding U ...
... no UTF-8 mapping file for font encoding U
Now handling font encoding T2A ...
... processing UTF-8 mapping file for font encoding T2A

(/usr/share/texlive/texmf-dist/tex/latex/base/t2aenc.dfu
File: t2aenc.dfu 2015/12/03 v1.1r UTF-8 support for inputenc
   defining Unicode char U+00A4 (decimal 164)
   defining Unicode char U+00A7 (decimal 167)
   defining Unicode char U+00AB (decimal 171)
   defining Unicode char U+00BB (decimal 187)
   defining Unicode char U+0131 (decimal 305)
   defining Unicode char U+0400 (decimal 1024)
   defining Unicode char U+0401 (decimal 1025)
   defining Unicode char U+0402 (decimal 1026)
   defining Unicode char U+0403 (decimal 1027)
   defining Unicode char U+0404 (decimal 1028)
   defining Unicode char U+0405 (decimal 1029)
   defining Unicode char U+0406 (decimal 1030)
   defining Unicode char U+0407 (decimal 1031)
   defining Unicode char U+0408 (decimal 1032)
   defining Unicode char U+0409 (decimal 1033)
   defining Unicode char U+040A (decimal 1034)
   defining Unicode char U+040B (decimal 1035)
   defining Unicode char U+040C (decimal 1036)
   defining Unicode char U+040D (decimal 1037)
   defining Unicode char U+040E (decimal 1038)
   defining Unicode char U+040F (decimal 1039)
   defining Unicode char U+0410 (decimal 1040)
   defining Unicode char U+0411 (decimal 1041)
   defining Unicode char U+0412 (decimal 1042)
   defining Unicode char U+0413 (decimal 1043)
   defining Unicode char U+0414 (decimal 1044)
   defining Unicode char U+0415 (decimal 1045)
   defining Unicode char U+0416 (decimal 1046)
   defining Unicode char U+0417 (decimal 1047)
   defining Unicode char U+0418 (decimal 1048)
   defining Unicode char U+0419 (decimal 1049)
   defining Unicode char U+041A (decimal 1050)
   defining Unicode char U+041B (decimal 1051)
   defining Unicode char U+041C (decimal 1052)
   defining Unicode char U+041D (decimal 1053)
   defining Unicode char U+041E (decimal 1054)
   defining Unicode char U+041F (decimal 1055)
   defining Unicode char U+0420 (decimal 1056)
   defining Unicode char U+0421 (decimal 1057)
   defining Unicode char U+0422 (decimal 1058)
   defining Unicode char U+0423 (decimal 1059)
   defining Unicode char U+0424 (decimal 1060)
   defining Unicode char U+0425 (decimal 1061)
   defining Unicode char U+0426 (decimal 1062)
   defining Unicode char U+0427 (decimal 1063)
   defining Unicode char U+0428 (decimal 1064)
   defining Unicode char U+0429 (decimal 1065)
   defining Unicode char U+042A (decimal 1066)
   defining Unicode char U+042B (decimal 1067)
   defining Unicode char U+042C (decimal 1068)
   defining Unicode char U+042D (decimal 1069)
   defining Unicode char U+042E (decimal 1070)
   defining Unicode char U+042F (decimal 1071)
   defining Unicode char U+0430 (decimal 1072)
   defining Unicode char U+0431 (decimal 1073)
   defining Unicode char U+0432 (decimal 1074)
   defining Unicode char U+0433 (decimal 1075)
   defining Unicode char U+0434 (decimal 1076)
   defining Unicode char U+0435 (decimal 1077)
   defining Unicode char U+0436 (decimal 1078)
   defining Unicode char U+0437 (decimal 1079)
   defining Unicode char U+0438 (decimal 1080)
   defining Unicode char U+0439 (decimal 1081)
   defining Unicode char U+043A (decimal 1082)
   defining Unicode char U+043B (decimal 1083)
   defining Unicode char U+043C (decimal 1084)
   defining Unicode char U+043D (decimal 1085)
   defining Unicode char U+043E (decimal 1086)
   defining Unicode char U+043F (decimal 1087)
   defining Unicode char U+0440 (decimal 1088)
   defining Unicode char U+0441 (decimal 1089)
   defining Unicode char U+0442 (decimal 1090)
   defining Unicode char U+0443 (decimal 1091)
   defining Unicode char U+0444 (decimal 1092)
   defining Unicode char U+0445 (decimal 1093)
   defining Unicode char U+0446 (decimal 1094)
   defining Unicode char U+0447 (decimal 1095)
   defining Unicode char U+0448 (decimal 1096)
   defining Unicode char U+0449 (decimal 1097)
   defining Unicode char U+044A (decimal 1098)
   defining Unicode char U+044B (decimal 1099)
   defining Unicode char U+044C (decimal 1100)
   defining Unicode char U+044D (decimal 1101)
   defining Unicode char U+044E (decimal 1102)
   defining Unicode char U+044F (decimal 1103)
   defining Unicode char U+0450 (decimal 1104)
   defining Unicode char U+0451 (decimal 1105)
   defining Unicode char U+0452 (decimal 1106)
   defining Unicode char U+0453 (decimal 1107)
   defining Unicode char U+0454 (decimal 1108)
   defining Unicode char U+0455 (decimal 1109)
   defining Unicode char U+0456 (decimal 1110)
   defining Unicode char U+0457 (decimal 1111)
   defining Unicode char U+0458 (decimal 1112)
   defining Unicode char U+0459 (decimal 1113)
   defining Unicode char U+045A (decimal 1114)
   defining Unicode char U+045B (decimal 1115)
   defining Unicode char U+045C (decimal 1116)
   defining Unicode char U+045D (decimal 1117)
   defining Unicode char U+045E (decimal 1118)
   defining Unicode char U+045F (decimal 1119)
   defining Unicode char U+0490 (decimal 1168)
   defining Unicode char U+0491 (decimal 1169)
   defining Unicode char U+0492 (decimal 1170)
   defining Unicode char U+0493 (decimal 1171)
   defining Unicode char U+0496 (decimal 1174)
   defining Unicode char U+0497 (decimal 1175)
   defining Unicode char U+0498 (decimal 1176)
   defining Unicode char U+0499 (decimal 1177)
   defining Unicode char U+049A (decimal 1178)
   defining Unicode char U+049B (decimal 1179)
   defining Unicode char U+049C (decimal 1180)
   defining Unicode char U+049D (decimal 1181)
   defining Unicode char U+04A0 (decimal 1184)
   defining Unicode char U+04A1 (decimal 1185)
   defining Unicode char U+04A2 (decimal 1186)
   defining Unicode char U+04A3 (decimal 1187)
   defining Unicode char U+04A4 (decimal 1188)
   defining Unicode char U+04A5 (decimal 1189)
   defining Unicode char U+04AA (decimal 1194)
   defining Unicode char U+04AB (decimal 1195)
   defining Unicode char U+04AE (decimal 1198)
   defining Unicode char U+04AF (decimal 1199)
   defining Unicode char U+04B0 (decimal 1200)
   defining Unicode char U+04B1 (decimal 1201)
   defining Unicode char U+04B2 (decimal 1202)
   defining Unicode char U+04B3 (decimal 1203)
   defining Unicode char U+04B6 (decimal 1206)
   defining Unicode char U+04B7 (decimal 1207)
   defining Unicode char U+04B8 (decimal 1208)
   defining Unicode char U+04B9 (decimal 1209)
   defining Unicode char U+04BA (decimal 1210)
   defining Unicode char U+04BB (decimal 1211)
   defining Unicode char U+04C0 (decimal 1216)
   defining Unicode char U+04C1 (decimal 1217)
   defining Unicode char U+04C2 (decimal 1218)
   defining Unicode char U+04D0 (decimal 1232)
   defining Unicode char U+04D1 (decimal 1233)
   defining Unicode char U+04D2 (decimal 1234)
   defining Unicode char U+04D3 (decimal 1235)
   defining Unicode char U+04D4 (decimal 1236)
   defining Unicode char U+04D5 (decimal 1237)
   defining Unicode char U+04D6 (decimal 1238)
   defining Unicode char U+04D7 (decimal 1239)
   defining Unicode char U+04D8 (decimal 1240)
   defining Unicode char U+04D9 (decimal 1241)
   defining Unicode char U+04DA (decimal 1242)
   defining Unicode char U+04DB (decimal 1243)
   defining Unicode char U+04DC (decimal 1244)
   defining Unicode char U+04DD (decimal 1245)
   defining Unicode char U+04DE (decimal 1246)
   defining Unicode char U+04DF (decimal 1247)
   defining Unicode char U+04E2 (decimal 1250)
   defining Unicode char U+04E3 (decimal 1251)
   defining Unicode char U+04E4 (decimal 1252)
   defining Unicode char U+04E5 (decimal 1253)
   defining Unicode char U+04E6 (decimal 1254)
   defining Unicode char U+04E7 (decimal 1255)
   defining Unicode char U+04E8 (decimal 1256)
   defining Unicode char U+04E9 (decimal 1257)
   defining Unicode char U+04EC (decimal 1260)
   defining Unicode char U+04ED (decimal 1261)
   defining Unicode char U+04EE (decimal 1262)
   defining Unicode char U+04EF (decimal 1263)
   defining Unicode char U+04F0 (decimal 1264)
   defining Unicode char U+04F1 (decimal 1265)
   defining Unicode char U+04F2 (decimal 1266)
   defining Unicode char U+04F3 (decimal 1267)
   defining Unicode char U+04F4 (decimal 1268)
   defining Unicode char U+04F5 (decimal 1269)
   defining Unicode char U+04F8 (decimal 1272)
   defining Unicode char U+04F9 (decimal 1273)
   defining Unicode char U+200C (decimal 8204)
   defining Unicode char U+2013 (decimal 8211)
   defining Unicode char U+2014 (decimal 8212)
   defining Unicode char U+2018 (decimal 8216)
   defining Unicode char U+2019 (decimal 8217)
   defining Unicode char U+201C (decimal 8220)
   defining Unicode char U+201D (decimal 8221)
   defining Unicode char U+201E (decimal 8222)
   defining Unicode char U+2030 (decimal 8240)
   defining Unicode char U+2031 (decimal 8241)
   defining Unicode char U+2116 (decimal 8470)
   defining Unicode char U+2329 (decimal 9001)
   defining Unicode char U+232A (decimal 9002)
   defining Unicode char U+2423 (decimal 9251)
)
   defining Unicode char U+00A9 (decimal 169)
   defining Unicode char U+00AA (decimal 170)
   defining Unicode char U+00AE (decimal 174)
   defining Unicode char U+00BA (decimal 186)
   defining Unicode char U+02C6 (decimal 710)
   defining Unicode char U+02DC (decimal 732)
   defining Unicode char U+200C (decimal 8204)
   defining Unicode char U+2026 (decimal 8230)
   defining Unicode char U+2122 (decimal 8482)
   defining Unicode char U+2423 (decimal 9251)
))
(/usr/share/texlive/texmf-dist/tex/generic/babel/babel.sty
Package: babel 2016/02/24 3.9q The Babel package

(/usr/share/texlive/texmf-dist/tex/generic/babel-english/english.ldf
Language: english 2012/08/20 v3.3p English support from the babel system

(/usr/share/texlive/texmf-dist/tex/generic/babel/babel.def
File: babel.def 2016/02/24 3.9q Babel common definitions
\babel@savecnt=\count99
\U@D=\dimen116
)
\l@canadian = a dialect from \language\l@american 
\l@australian = a dialect from \language\l@british 
\l@newzealand = a dialect from \language\l@british 
)
(/usr/share/texlive/texmf-dist/tex/generic/babel-russian/russianb.ldf
Language: russianb 2016/02/18 1.3h Russian support for the Babel system
Package babel Info: Making " an active character on input line 111.
)
(/usr/share/texlive/texmf-dist/tex/generic/babel-ukraineb/ukraineb.ldf
Language: ukraineb 2008/03/21 v1.1l Ukrainian support from the babel system
LaTeX Info: Redefining \textcyrillic on input line 138.
LaTeX Info: Redefining \No on input line 299.
))
After Package Info: Apply commands to babel on input line 7
Package babel Info: Redefining russian shorthand "`
(babel)             in language  on input line 7.
LaTeX Info: Redefining \flqq on input line 7.
LaTeX Info: Redefining \frqq on input line 7.
LaTeX Info: Redefining \No on input line 7.

(/usr/share/texlive/texmf-dist/tex/latex/geometry/geometry.sty
Package: geometry 2010/09/12 v5.6 Page Geometry

(/usr/share/texlive/texmf-dist/tex/generic/oberdiek/ifpdf.sty
Package: ifpdf 2011/01/30 v2.3 Provides the ifpdf switch (HO)
Package ifpdf Info: pdfTeX in PDF mode is detected.
)
(/usr/share/texlive/texmf-dist/tex/generic/oberdiek/ifvtex.sty
Package: ifvtex 2010/03/01 v1.5 Detect VTeX and its facilities (HO)
Package ifvtex Info: VTeX not detected.
)
(/usr/share/texlive/texmf-dist/tex/generic/ifxetex/ifxetex.sty
Package: ifxetex 2010/09/12 v0.6 Provides ifxetex conditional
)
\Gm@cnth=\count100
\Gm@cntv=\count101
\c@Gm@tempcnt=\count102
\Gm@bindingoffset=\dimen117
\Gm@wd@mp=\dimen118
\Gm@odd@mp=\dimen119
\Gm@even@mp=\dimen120
\Gm@layoutwidth=\dimen121
\Gm@layoutheight=\dimen122
\Gm@layouthoffset=\dimen123
\Gm@layoutvoffset=\dimen124
\Gm@dimlist=\toks22
)
(/usr/share/texlive/texmf-dist/tex/latex/amsfonts/amsfonts.sty
Package: amsfonts 2013/01/14 v3.01 Basic AMSFonts support
\symAMSa=\mathgroup4
\symAMSb=\mathgroup5
LaTeX Font Info:    Overwriting math alphabet `\mathfrak' in version `bold'
(Font)                  U/euf/m/n --> U/euf/b/n on input line 106.
)
(/usr/share/texlive/texmf-dist/tex/latex/amsfonts/amssymb.sty
Package: amssymb 2013/01/14 v3.01 AMS font symbols
)
(/usr/share/texlive/texmf-dist/tex/latex/hyperref/hyperref.sty
Package: hyperref 2012/11/06 v6.83m Hypertext links for LaTeX

(/usr/share/texlive/texmf-dist/tex/generic/oberdiek/hobsub-hyperref.sty
Package: hobsub-hyperref 2012/05/28 v1.13 Bundle oberdiek, subset hyperref (HO)


(/usr/share/texlive/texmf-dist/tex/generic/oberdiek/hobsub-generic.sty
Package: hobsub-generic 2012/05/28 v1.13 Bundle oberdiek, subset generic (HO)
Package: hobsub 2012/05/28 v1.13 Construct package bundles (HO)
Package hobsub Info: Skipping package `infwarerr' (already loaded).
Package hobsub Info: Skipping package `ltxcmds' (already loaded).
Package: ifluatex 2010/03/01 v1.3 Provides the ifluatex switch (HO)
Package ifluatex Info: LuaTeX not detected.
Package hobsub Info: Skipping package `ifvtex' (already loaded).
Package: intcalc 2007/09/27 v1.1 Expandable calculations with integers (HO)
Package hobsub Info: Skipping package `ifpdf' (already loaded).
Package: etexcmds 2011/02/16 v1.5 Avoid name clashes with e-TeX commands (HO)
Package etexcmds Info: Could not find \expanded.
(etexcmds)             That can mean that you are not using pdfTeX 1.50 or
(etexcmds)             that some package has redefined \expanded.
(etexcmds)             In the latter case, load this package earlier.
Package: kvsetkeys 2012/04/25 v1.16 Key value parser (HO)
Package: kvdefinekeys 2011/04/07 v1.3 Define keys (HO)
Package: pdftexcmds 2011/11/29 v0.20 Utility functions of pdfTeX for LuaTeX (HO
)
Package pdftexcmds Info: LuaTeX not detected.
Package pdftexcmds Info: \pdf@primitive is available.
Package pdftexcmds Info: \pdf@ifprimitive is available.
Package pdftexcmds Info: \pdfdraftmode found.
Package: pdfescape 2011/11/25 v1.13 Implements pdfTeX's escape features (HO)
Package: bigintcalc 2012/04/08 v1.3 Expandable calculations on big integers (HO
)
Package: bitset 2011/01/30 v1.1 Handle bit-vector datatype (HO)
Package: uniquecounter 2011/01/30 v1.2 Provide unlimited unique counter (HO)
)
Package hobsub Info: Skipping package `hobsub' (already loaded).
Package: letltxmacro 2010/09/02 v1.4 Let assignment for LaTeX macros (HO)
Package: hopatch 2012/05/28 v1.2 Wrapper for package hooks (HO)
Package: xcolor-patch 2011/01/30 xcolor patch
After Package Info: Collect commands for xcolor on input line 725
Package: atveryend 2011/06/30 v1.8 Hooks at the very end of document (HO)
Package atveryend Info: \enddocument detected (standard20110627).
Package: atbegshi 2011/10/05 v1.16 At begin shipout hook (HO)
Package: refcount 2011/10/16 v3.4 Data extraction from label references (HO)
Package: hycolor 2011/01/30 v1.7 Color options for hyperref/bookmark (HO)
)
(/usr/share/texlive/texmf-dist/tex/latex/oberdiek/auxhook.sty
Package: auxhook 2011/03/04 v1.3 Hooks for auxiliary files (HO)
)
(/usr/share/texlive/texmf-dist/tex/latex/oberdiek/kvoptions.sty
Package: kvoptions 2011/06/30 v3.11 Key value format for package options (HO)
)
\@linkdim=\dimen125
\Hy@linkcounter=\count103
\Hy@pagecounter=\count104

(/usr/share/texlive/texmf-dist/tex/latex/hyperref/pd1enc.def
File: pd1enc.def 2012/11/06 v6.83m Hyperref: PDFDocEncoding definition (HO)
Now handling font encoding PD1 ...
... no UTF-8 mapping file for font encoding PD1
)
\Hy@SavedSpaceFactor=\count105
Package hyperref Info: Option `unicode' set `true' on input line 3411.

(/usr/share/texlive/texmf-dist/tex/latex/hyperref/puenc.def
File: puenc.def 2012/11/06 v6.83m Hyperref: PDF Unicode definition (HO)
Now handling font encoding PU ...
... no UTF-8 mapping file for font encoding PU
)
(/usr/share/texlive/texmf-dist/tex/latex/latexconfig/hyperref.cfg
File: hyperref.cfg 2002/06/06 v1.2 hyperref configuration of TeXLive
)
Package hyperref Info: Hyper figures OFF on input line 4443.
Package hyperref Info: Link nesting OFF on input line 4448.
Package hyperref Info: Hyper index ON on input line 4451.
Package hyperref Info: Plain pages OFF on input line 4458.
Package hyperref Info: Backreferencing OFF on input line 4463.
Package hyperref Info: Implicit mode ON; LaTeX internals redefined.
Package hyperref Info: Bookmarks ON on input line 4688.
\c@Hy@tempcnt=\count106

(/usr/share/texlive/texmf-dist/tex/latex/url/url.sty
\Urlmuskip=\muskip11
Package: url 2013/09/16  ver 3.4  Verb mode for urls, etc.
)
LaTeX Info: Redefining \url on input line 5041.
\XeTeXLinkMargin=\dimen126
\Fld@menulength=\count107
\Field@Width=\dimen127
\Fld@charsize=\dimen128
Package hyperref Info: Hyper figures OFF on input line 6295.
Package hyperref Info: Link nesting OFF on input line 6300.
Package hyperref Info: Hyper index ON on input line 6303.
Package hyperref Info: backreferencing OFF on input line 6310.
Package hyperref Info: Link coloring OFF on input line 6315.
Package hyperref Info: Link coloring with OCG OFF on input line 6320.
Package hyperref Info: PDF/A mode OFF on input line 6325.
LaTeX Info: Redefining \ref on input line 6365.
LaTeX Info: Redefining \pageref on input line 6369.
\Hy@abspage=\count108
\c@Item=\count109
\c@Hfootnote=\count110
)

Package hyperref Message: Driver (autodetected): hpdftex.

(/usr/share/texlive/texmf-dist/tex/latex/hyperref/hpdftex.def
File: hpdftex.def 2012/11/06 v6.83m Hyperref driver for pdfTeX
\Fld@listcount=\count111
\c@bookmark@seq@number=\count112

(/usr/share/texlive/texmf-dist/tex/latex/oberdiek/rerunfilecheck.sty
Package: rerunfilecheck 2011/04/15 v1.7 Rerun checks for auxiliary files (HO)
Package uniquecounter Info: New unique counter `rerunfilecheck' on input line 2
82.
)
\Hy@SectionHShift=\skip44
)
(/usr/share/texlive/texmf-dist/tex/latex/ncctools/nccfancyhdr.sty
Package: nccfancyhdr 2004/12/07 v1.1 Improved Fancy Header Package (NCC)
\headwidth=\dimen129
)
(/usr/share/texlive/texmf-dist/tex/latex/placeins/placeins.sty
Package: placeins 2005/04/18  v 2.2
)
(/usr/share/texlive/texmf-dist/tex/latex/tools/afterpage.sty
Package: afterpage 2014/10/28 v1.08 After-Page Package (DPC)
\AP@output=\toks23
\AP@partial=\box29
\AP@footins=\box30
)
(/usr/share/texlive/texmf-dist/tex/latex/base/flafter.sty
Package: flafter 2015/09/05 v1.3a Standard LaTeX floats after reference (FMi)
Applying: [2015/01/01] float order in 2-column on input line 49.
Already applied: [0000/00/00] float order in 2-column on input line 151.
)
(/usr/share/texlive/texmf-dist/tex/latex/lastpage/lastpage.sty
Package: lastpage 2015/03/29 v1.2m Refers to last page's name (HMM; JPG)
)
(/usr/share/texlive/texmf-dist/tex/latex/morefloats/morefloats.sty
Package: morefloats 2015/07/22 v1.0h Raise limit of unprocessed floats (HMM)
Package morefloats Info: Maximum number of possible floats asked for: 36
(morefloats)             (i.e. 18 more floats).
(morefloats)             LaTeX might run out of memory before this
(morefloats)             (in which case it will notify you).
)
(/usr/share/texlive/texmf-dist/tex/latex/cite/cite.sty
LaTeX Info: Redefining \cite on input line 302.
LaTeX Info: Redefining \nocite on input line 332.
Package: cite 2015/02/27  v 5.5
)
(/usr/share/texlive/texmf-dist/tex/latex/float/float.sty
Package: float 2001/11/08 v1.3d Float enhancements (AL)
\c@float@type=\count113
\float@exts=\toks24
\float@box=\box31
\@float@everytoks=\toks25
\@floatcapt=\box32
)
(/usr/share/texlive/texmf-dist/tex/latex/natbib/natbib.sty
Package: natbib 2010/09/13 8.31b (PWD, AO)


Package natbib Warning: The `cite' package should not be used
(natbib)                with natbib. Use option `sort' instead.

\bibhang=\skip45
\bibsep=\skip46
LaTeX Info: Redefining \cite on input line 694.
LaTeX Info: Redefining \citenum on input line 708.
\c@NAT@ctr=\count114
) (./thesis-ukr.aux (./i-ukr.aux) (./1.aux) (./bibliography-1.aux))
\openout1 = `thesis-ukr.aux'.

LaTeX Font Info:    Checking defaults for OML/cmm/m/it on input line 70.
LaTeX Font Info:    ... okay on input line 70.
LaTeX Font Info:    Checking defaults for T1/cmr/m/n on input line 70.
LaTeX Font Info:    ... okay on input line 70.
LaTeX Font Info:    Checking defaults for OT1/cmr/m/n on input line 70.
LaTeX Font Info:    ... okay on input line 70.
LaTeX Font Info:    Checking defaults for OMS/cmsy/m/n on input line 70.
LaTeX Font Info:    ... okay on input line 70.
LaTeX Font Info:    Checking defaults for OMX/cmex/m/n on input line 70.
LaTeX Font Info:    ... okay on input line 70.
LaTeX Font Info:    Checking defaults for U/cmr/m/n on input line 70.
LaTeX Font Info:    ... okay on input line 70.
LaTeX Font Info:    Checking defaults for T2A/cmr/m/n on input line 70.
LaTeX Font Info:    ... okay on input line 70.
LaTeX Font Info:    Checking defaults for PD1/pdf/m/n on input line 70.
LaTeX Font Info:    ... okay on input line 70.
LaTeX Font Info:    Checking defaults for PU/pdf/m/n on input line 70.
LaTeX Font Info:    ... okay on input line 70.

(/usr/share/texlive/texmf-dist/tex/context/base/supp-pdf.mkii
[Loading MPS to PDF converter (version 2006.09.02).]
\scratchcounter=\count115
\scratchdimen=\dimen130
\scratchbox=\box33
\nofMPsegments=\count116
\nofMParguments=\count117
\everyMPshowfont=\toks26
\MPscratchCnt=\count118
\MPscratchDim=\dimen131
\MPnumerator=\count119
\makeMPintoPDFobject=\count120
\everyMPtoPDFconversion=\toks27
) (/usr/share/texlive/texmf-dist/tex/latex/oberdiek/epstopdf-base.sty
Package: epstopdf-base 2010/02/09 v2.5 Base part for package epstopdf

(/usr/share/texlive/texmf-dist/tex/latex/oberdiek/grfext.sty
Package: grfext 2010/08/19 v1.1 Manage graphics extensions (HO)
)
Package grfext Info: Graphics extension search list:
(grfext)             [.png,.pdf,.jpg,.mps,.jpeg,.jbig2,.jb2,.PNG,.PDF,.JPG,.JPE
G,.JBIG2,.JB2,.eps]
(grfext)             \AppendGraphicsExtensions on input line 452.

(/usr/share/texlive/texmf-dist/tex/latex/latexconfig/epstopdf-sys.cfg
File: epstopdf-sys.cfg 2010/07/13 v1.3 Configuration of (r)epstopdf for TeX Liv
e
))
*geometry* driver: auto-detecting
*geometry* detected driver: pdftex
*geometry* verbose mode - [ preamble ] result:
* driver: pdftex
* paper: a4paper
* layout: <same size as paper>
* layoutoffset:(h,v)=(0.0pt,0.0pt)
* modes: 
* h-part:(L,W,R)=(71.13188pt, 497.92325pt, 28.45274pt)
* v-part:(T,H,B)=(56.9055pt, 731.23584pt, 56.9055pt)
* \paperwidth=597.50787pt
* \paperheight=845.04684pt
* \textwidth=497.92325pt
* \textheight=731.23584pt
* \oddsidemargin=-1.1381pt
* \evensidemargin=-1.1381pt
* \topmargin=-49.28133pt
* \headheight=14.0pt
* \headsep=19.91684pt
* \topskip=14.0pt
* \footskip=28.45274pt
* \marginparwidth=85.0pt
* \marginparsep=7.0pt
* \columnsep=10.0pt
* \skip\footins=13.0pt plus 4.0pt minus 2.0pt
* \hoffset=0.0pt
* \voffset=0.0pt
* \mag=1000
* \@twocolumnfalse
* \@twosidefalse
* \@mparswitchfalse
* \@reversemarginfalse
* (1in=72.27pt=25.4mm, 1cm=28.453pt)

\AtBeginShipoutBox=\box34
Package hyperref Info: Link coloring OFF on input line 70.
(/usr/share/texlive/texmf-dist/tex/latex/hyperref/nameref.sty
Package: nameref 2012/10/27 v2.43 Cross-referencing by name of section

(/usr/share/texlive/texmf-dist/tex/generic/oberdiek/gettitlestring.sty
Package: gettitlestring 2010/12/03 v1.4 Cleanup title references (HO)
)
\c@section@level=\count121
)
LaTeX Info: Redefining \ref on input line 70.
LaTeX Info: Redefining \pageref on input line 70.
LaTeX Info: Redefining \nameref on input line 70.

(./thesis-ukr.out) (./thesis-ukr.out)
\@outlinefile=\write3
\openout3 = `thesis-ukr.out'.

Package lastpage Info: Please have a look at the pageslts package at
(lastpage)             https://www.ctan.org/pkg/pageslts
(lastpage)             ! on input line 70.
Package babel Info: Redefining ukrainian shorthand "|
(babel)             in language  on input line 136.
Package babel Info: Redefining ukrainian shorthand "~
(babel)             in language  on input line 136.
Package babel Info: Redefining ukrainian shorthand "|
(babel)             in language  on input line 136.
Package babel Info: Redefining ukrainian shorthand "~
(babel)             in language  on input line 136.
 [0


{/var/lib/texmf/fonts/map/pdftex/updmap/pdftex.map}]
LaTeX Font Info:    Try loading font information for U+msa on input line 137.
 (/usr/share/texlive/texmf-dist/tex/latex/amsfonts/umsa.fd
File: umsa.fd 2013/01/14 v3.01 AMS symbols A
)
LaTeX Font Info:    Try loading font information for U+msb on input line 137.

(/usr/share/texlive/texmf-dist/tex/latex/amsfonts/umsb.fd
File: umsb.fd 2013/01/14 v3.01 AMS symbols B
) (./thesis-ukr.toc
Overfull \hbox (2.12918pt too wide) detected at line 3
 \T2A/cmr/bx/n/14.4 14
 []


Overfull \hbox (2.12918pt too wide) detected at line 10
 \T2A/cmr/bx/n/14.4 45
 []

)
\tf@toc=\write4
\openout4 = `thesis-ukr.toc'.

Package babel Info: Redefining ukrainian shorthand "|
(babel)             in language  on input line 139.
Package babel Info: Redefining ukrainian shorthand "~
(babel)             in language  on input line 139.
Package babel Info: Redefining ukrainian shorthand "|
(babel)             in language  on input line 139.
Package babel Info: Redefining ukrainian shorthand "~
(babel)             in language  on input line 139.
 [1


]
\openout2 = `i-ukr.aux'.

 (./i-ukr.tex
{\Ukrainian \CYRR \cyro \cyrz \cyrd \cyrii \cyrl } 0.
Package babel Info: Redefining ukrainian shorthand "|
(babel)             in language  on input line 6.
Package babel Info: Redefining ukrainian shorthand "~
(babel)             in language  on input line 6.
Package babel Info: Redefining ukrainian shorthand "|
(babel)             in language  on input line 13.
Package babel Info: Redefining ukrainian shorthand "~
(babel)             in language  on input line 13.
Package babel Info: Redefining ukrainian shorthand "|
(babel)             in language  on input line 13.
Package babel Info: Redefining ukrainian shorthand "~
(babel)             in language  on input line 13.
[2


]
Package babel Info: Redefining ukrainian shorthand "|
(babel)             in language  on input line 23.
Package babel Info: Redefining ukrainian shorthand "~
(babel)             in language  on input line 23.
Package babel Info: Redefining ukrainian shorthand "|
(babel)             in language  on input line 23.
Package babel Info: Redefining ukrainian shorthand "~
(babel)             in language  on input line 23.
 [3]
Package babel Info: Redefining ukrainian shorthand "|
(babel)             in language  on input line 38.
Package babel Info: Redefining ukrainian shorthand "~
(babel)             in language  on input line 38.
Package babel Info: Redefining ukrainian shorthand "|
(babel)             in language  on input line 38.
Package babel Info: Redefining ukrainian shorthand "~
(babel)             in language  on input line 38.
 [4]
Package babel Info: Redefining ukrainian shorthand "|
(babel)             in language  on input line 53.
Package babel Info: Redefining ukrainian shorthand "~
(babel)             in language  on input line 53.
Package babel Info: Redefining ukrainian shorthand "|
(babel)             in language  on input line 53.
Package babel Info: Redefining ukrainian shorthand "~
(babel)             in language  on input line 53.
 [5]
Package babel Info: Redefining ukrainian shorthand "|
(babel)             in language  on input line 64.
Package babel Info: Redefining ukrainian shorthand "~
(babel)             in language  on input line 64.
Package babel Info: Redefining ukrainian shorthand "|
(babel)             in language  on input line 64.
Package babel Info: Redefining ukrainian shorthand "~
(babel)             in language  on input line 64.
 [6]
Overfull \hbox (0.10408pt too wide) in paragraph at lines 71--72
[]\T2A/cmr/m/n/14.4 В кни-ге [[]] рас-сма-три-ва-е-тся мо-де-ли-ро-ва-ние пер-к
о-ля-ци-он-ных кла-сте-ров фаз
 []

Package babel Info: Redefining ukrainian shorthand "|
(babel)             in language  on input line 80.
Package babel Info: Redefining ukrainian shorthand "~
(babel)             in language  on input line 80.
Package babel Info: Redefining ukrainian shorthand "|
(babel)             in language  on input line 80.
Package babel Info: Redefining ukrainian shorthand "~
(babel)             in language  on input line 80.
[7]
Package babel Info: Redefining ukrainian shorthand "|
(babel)             in language  on input line 92.
Package babel Info: Redefining ukrainian shorthand "~
(babel)             in language  on input line 92.
Package babel Info: Redefining ukrainian shorthand "|
(babel)             in language  on input line 92.
Package babel Info: Redefining ukrainian shorthand "~
(babel)             in language  on input line 92.
 [8]
Overfull \hbox (2.57465pt too wide) in paragraph at lines 97--98
\T2A/cmr/m/n/14.4 пластине-полосе, по-двер-жен-ной изги-бу. Ма-те-ма-ти-че-ская
 фор-му-ли-ров-ка со-о-твет-
 []

Package babel Info: Redefining ukrainian shorthand "|
(babel)             in language  on input line 106.
Package babel Info: Redefining ukrainian shorthand "~
(babel)             in language  on input line 106.
Package babel Info: Redefining ukrainian shorthand "|
(babel)             in language  on input line 106.
Package babel Info: Redefining ukrainian shorthand "~
(babel)             in language  on input line 106.
[9]
Package babel Info: Redefining ukrainian shorthand "|
(babel)             in language  on input line 114.
Package babel Info: Redefining ukrainian shorthand "~
(babel)             in language  on input line 114.
Package babel Info: Redefining ukrainian shorthand "|
(babel)             in language  on input line 114.
Package babel Info: Redefining ukrainian shorthand "~
(babel)             in language  on input line 114.
 [10]
Package babel Info: Redefining ukrainian shorthand "|
(babel)             in language  on input line 121.
Package babel Info: Redefining ukrainian shorthand "~
(babel)             in language  on input line 121.
Package babel Info: Redefining ukrainian shorthand "|
(babel)             in language  on input line 121.
Package babel Info: Redefining ukrainian shorthand "~
(babel)             in language  on input line 121.
 [11]
Package babel Info: Redefining ukrainian shorthand "|
(babel)             in language  on input line 130.
Package babel Info: Redefining ukrainian shorthand "~
(babel)             in language  on input line 130.
Package babel Info: Redefining ukrainian shorthand "|
(babel)             in language  on input line 130.
Package babel Info: Redefining ukrainian shorthand "~
(babel)             in language  on input line 130.
 [12])
Package babel Info: Redefining ukrainian shorthand "|
(babel)             in language  on input line 139.
Package babel Info: Redefining ukrainian shorthand "~
(babel)             in language  on input line 139.
Package babel Info: Redefining ukrainian shorthand "|
(babel)             in language  on input line 139.
Package babel Info: Redefining ukrainian shorthand "~
(babel)             in language  on input line 139.
 [13]
\openout2 = `1.aux'.

 (./1.tex
{\Ukrainian \CYRR \cyro \cyrz \cyrd \cyrii \cyrl } 1.
Package babel Info: Redefining ukrainian shorthand "|
(babel)             in language  on input line 4.
Package babel Info: Redefining ukrainian shorthand "~
(babel)             in language  on input line 4.
Package babel Info: Redefining ukrainian shorthand "|
(babel)             in language  on input line 6.
Package babel Info: Redefining ukrainian shorthand "~
(babel)             in language  on input line 6.
Package babel Info: Redefining ukrainian shorthand "|
(babel)             in language  on input line 36.
Package babel Info: Redefining ukrainian shorthand "~
(babel)             in language  on input line 36.
Package babel Info: Redefining ukrainian shorthand "|
(babel)             in language  on input line 36.
Package babel Info: Redefining ukrainian shorthand "~
(babel)             in language  on input line 36.
[14



]
\c@theorem=\count122
Package babel Info: Redefining ukrainian shorthand "|
(babel)             in language  on input line 138.
Package babel Info: Redefining ukrainian shorthand "~
(babel)             in language  on input line 138.
Package babel Info: Redefining ukrainian shorthand "|
(babel)             in language  on input line 138.
Package babel Info: Redefining ukrainian shorthand "~
(babel)             in language  on input line 138.
 [15]
Package babel Info: Redefining ukrainian shorthand "|
(babel)             in language  on input line 238.
Package babel Info: Redefining ukrainian shorthand "~
(babel)             in language  on input line 238.
Package babel Info: Redefining ukrainian shorthand "|
(babel)             in language  on input line 238.
Package babel Info: Redefining ukrainian shorthand "~
(babel)             in language  on input line 238.
 [16]
Package babel Info: Redefining ukrainian shorthand "|
(babel)             in language  on input line 326.
Package babel Info: Redefining ukrainian shorthand "~
(babel)             in language  on input line 326.
Package babel Info: Redefining ukrainian shorthand "|
(babel)             in language  on input line 331.
Package babel Info: Redefining ukrainian shorthand "~
(babel)             in language  on input line 331.
Package babel Info: Redefining ukrainian shorthand "|
(babel)             in language  on input line 331.
Package babel Info: Redefining ukrainian shorthand "~
(babel)             in language  on input line 331.
 [17]
Underfull \hbox (badness 1270) in paragraph at lines 337--339
[]\T2A/cmr/m/n/14.4 В ра-бо-тах [[], []] были вве-де-ны сле-ду-ю-щие ча-стные р
е-ше-ния урав-
 []


Underfull \hbox (badness 1817) in paragraph at lines 337--339
\T2A/cmr/m/n/14.4 не-ния [] во вне-шно-сти (вну-трен-но-сти) вытя-ну-то-го сфе-
рои-да $\OT1/cmr/m/n/14.4 
[] =
 []

Package babel Info: Redefining ukrainian shorthand "|
(babel)             in language  on input line 390.
Package babel Info: Redefining ukrainian shorthand "~
(babel)             in language  on input line 390.
Package babel Info: Redefining ukrainian shorthand "|
(babel)             in language  on input line 390.
Package babel Info: Redefining ukrainian shorthand "~
(babel)             in language  on input line 390.
[18]
Package babel Info: Redefining ukrainian shorthand "|
(babel)             in language  on input line 431.
Package babel Info: Redefining ukrainian shorthand "~
(babel)             in language  on input line 431.
Package babel Info: Redefining ukrainian shorthand "|
(babel)             in language  on input line 431.
Package babel Info: Redefining ukrainian shorthand "~
(babel)             in language  on input line 431.
 [19]
Package babel Info: Redefining ukrainian shorthand "|
(babel)             in language  on input line 592.
Package babel Info: Redefining ukrainian shorthand "~
(babel)             in language  on input line 592.
Package babel Info: Redefining ukrainian shorthand "|
(babel)             in language  on input line 592.
Package babel Info: Redefining ukrainian shorthand "~
(babel)             in language  on input line 592.
 [20]
Package babel Info: Redefining ukrainian shorthand "|
(babel)             in language  on input line 644.
Package babel Info: Redefining ukrainian shorthand "~
(babel)             in language  on input line 644.
Package babel Info: Redefining ukrainian shorthand "|
(babel)             in language  on input line 644.
Package babel Info: Redefining ukrainian shorthand "~
(babel)             in language  on input line 644.
 [21]
Package babel Info: Redefining ukrainian shorthand "|
(babel)             in language  on input line 671.
Package babel Info: Redefining ukrainian shorthand "~
(babel)             in language  on input line 671.
Package babel Info: Redefining ukrainian shorthand "|
(babel)             in language  on input line 675.
Package babel Info: Redefining ukrainian shorthand "~
(babel)             in language  on input line 675.
Package babel Info: Redefining ukrainian shorthand "|
(babel)             in language  on input line 675.
Package babel Info: Redefining ukrainian shorthand "~
(babel)             in language  on input line 675.
 [22]
Package babel Info: Redefining ukrainian shorthand "|
(babel)             in language  on input line 740.
Package babel Info: Redefining ukrainian shorthand "~
(babel)             in language  on input line 740.
Package babel Info: Redefining ukrainian shorthand "|
(babel)             in language  on input line 740.
Package babel Info: Redefining ukrainian shorthand "~
(babel)             in language  on input line 740.
 [23]
Package babel Info: Redefining ukrainian shorthand "|
(babel)             in language  on input line 761.
Package babel Info: Redefining ukrainian shorthand "~
(babel)             in language  on input line 761.
Package babel Info: Redefining ukrainian shorthand "|
(babel)             in language  on input line 761.
Package babel Info: Redefining ukrainian shorthand "~
(babel)             in language  on input line 761.
 [24]
Package babel Info: Redefining ukrainian shorthand "|
(babel)             in language  on input line 778.
Package babel Info: Redefining ukrainian shorthand "~
(babel)             in language  on input line 778.
Package babel Info: Redefining ukrainian shorthand "|
(babel)             in language  on input line 778.
Package babel Info: Redefining ukrainian shorthand "~
(babel)             in language  on input line 778.
 [25]
Package babel Info: Redefining ukrainian shorthand "|
(babel)             in language  on input line 830.
Package babel Info: Redefining ukrainian shorthand "~
(babel)             in language  on input line 830.
Package babel Info: Redefining ukrainian shorthand "|
(babel)             in language  on input line 830.
Package babel Info: Redefining ukrainian shorthand "~
(babel)             in language  on input line 830.
 [26]
Package babel Info: Redefining ukrainian shorthand "|
(babel)             in language  on input line 880.
Package babel Info: Redefining ukrainian shorthand "~
(babel)             in language  on input line 880.
Package babel Info: Redefining ukrainian shorthand "|
(babel)             in language  on input line 880.
Package babel Info: Redefining ukrainian shorthand "~
(babel)             in language  on input line 880.
 [27]
Package babel Info: Redefining ukrainian shorthand "|
(babel)             in language  on input line 916.
Package babel Info: Redefining ukrainian shorthand "~
(babel)             in language  on input line 916.
Package babel Info: Redefining ukrainian shorthand "|
(babel)             in language  on input line 916.
Package babel Info: Redefining ukrainian shorthand "~
(babel)             in language  on input line 916.
 [28]
Package babel Info: Redefining ukrainian shorthand "|
(babel)             in language  on input line 982.
Package babel Info: Redefining ukrainian shorthand "~
(babel)             in language  on input line 982.
Package babel Info: Redefining ukrainian shorthand "|
(babel)             in language  on input line 982.
Package babel Info: Redefining ukrainian shorthand "~
(babel)             in language  on input line 982.
 [29]
Package babel Info: Redefining ukrainian shorthand "|
(babel)             in language  on input line 994.
Package babel Info: Redefining ukrainian shorthand "~
(babel)             in language  on input line 994.
Package babel Info: Redefining ukrainian shorthand "|
(babel)             in language  on input line 994.
Package babel Info: Redefining ukrainian shorthand "~
(babel)             in language  on input line 994.
 [30]
Package babel Info: Redefining ukrainian shorthand "|
(babel)             in language  on input line 1063.
Package babel Info: Redefining ukrainian shorthand "~
(babel)             in language  on input line 1063.
Package babel Info: Redefining ukrainian shorthand "|
(babel)             in language  on input line 1063.
Package babel Info: Redefining ukrainian shorthand "~
(babel)             in language  on input line 1063.
 [31]
Package babel Info: Redefining ukrainian shorthand "|
(babel)             in language  on input line 1085.
Package babel Info: Redefining ukrainian shorthand "~
(babel)             in language  on input line 1085.
Package babel Info: Redefining ukrainian shorthand "|
(babel)             in language  on input line 1085.
Package babel Info: Redefining ukrainian shorthand "~
(babel)             in language  on input line 1085.
 [32]
Package babel Info: Redefining ukrainian shorthand "|
(babel)             in language  on input line 1106.
Package babel Info: Redefining ukrainian shorthand "~
(babel)             in language  on input line 1106.
Package babel Info: Redefining ukrainian shorthand "|
(babel)             in language  on input line 1106.
Package babel Info: Redefining ukrainian shorthand "~
(babel)             in language  on input line 1106.

[33]
Package babel Info: Redefining ukrainian shorthand "|
(babel)             in language  on input line 1125.
Package babel Info: Redefining ukrainian shorthand "~
(babel)             in language  on input line 1125.
Package babel Info: Redefining ukrainian shorthand "|
(babel)             in language  on input line 1155.
Package babel Info: Redefining ukrainian shorthand "~
(babel)             in language  on input line 1155.
Package babel Info: Redefining ukrainian shorthand "|
(babel)             in language  on input line 1155.
Package babel Info: Redefining ukrainian shorthand "~
(babel)             in language  on input line 1155.
 [34]
Package babel Info: Redefining ukrainian shorthand "|
(babel)             in language  on input line 1198.
Package babel Info: Redefining ukrainian shorthand "~
(babel)             in language  on input line 1198.
Package babel Info: Redefining ukrainian shorthand "|
(babel)             in language  on input line 1198.
Package babel Info: Redefining ukrainian shorthand "~
(babel)             in language  on input line 1198.
 [35]
Package babel Info: Redefining ukrainian shorthand "|
(babel)             in language  on input line 1223.
Package babel Info: Redefining ukrainian shorthand "~
(babel)             in language  on input line 1223.
Package babel Info: Redefining ukrainian shorthand "|
(babel)             in language  on input line 1273.
Package babel Info: Redefining ukrainian shorthand "~
(babel)             in language  on input line 1273.
Package babel Info: Redefining ukrainian shorthand "|
(babel)             in language  on input line 1273.
Package babel Info: Redefining ukrainian shorthand "~
(babel)             in language  on input line 1273.
 [36]
Package babel Info: Redefining ukrainian shorthand "|
(babel)             in language  on input line 1300.
Package babel Info: Redefining ukrainian shorthand "~
(babel)             in language  on input line 1300.
Package babel Info: Redefining ukrainian shorthand "|
(babel)             in language  on input line 1300.
Package babel Info: Redefining ukrainian shorthand "~
(babel)             in language  on input line 1300.
 [37]
Package babel Info: Redefining ukrainian shorthand "|
(babel)             in language  on input line 1330.
Package babel Info: Redefining ukrainian shorthand "~
(babel)             in language  on input line 1330.
Package babel Info: Redefining ukrainian shorthand "|
(babel)             in language  on input line 1330.
Package babel Info: Redefining ukrainian shorthand "~
(babel)             in language  on input line 1330.
 [38]
Package babel Info: Redefining ukrainian shorthand "|
(babel)             in language  on input line 1392.
Package babel Info: Redefining ukrainian shorthand "~
(babel)             in language  on input line 1392.
Package babel Info: Redefining ukrainian shorthand "|
(babel)             in language  on input line 1392.
Package babel Info: Redefining ukrainian shorthand "~
(babel)             in language  on input line 1392.
 [39]
Package babel Info: Redefining ukrainian shorthand "|
(babel)             in language  on input line 1436.
Package babel Info: Redefining ukrainian shorthand "~
(babel)             in language  on input line 1436.
Package babel Info: Redefining ukrainian shorthand "|
(babel)             in language  on input line 1436.
Package babel Info: Redefining ukrainian shorthand "~
(babel)             in language  on input line 1436.
 [40]
Package babel Info: Redefining ukrainian shorthand "|
(babel)             in language  on input line 1505.
Package babel Info: Redefining ukrainian shorthand "~
(babel)             in language  on input line 1505.
Package babel Info: Redefining ukrainian shorthand "|
(babel)             in language  on input line 1505.
Package babel Info: Redefining ukrainian shorthand "~
(babel)             in language  on input line 1505.
 [41]
Package babel Info: Redefining ukrainian shorthand "|
(babel)             in language  on input line 1516.
Package babel Info: Redefining ukrainian shorthand "~
(babel)             in language  on input line 1516.
Package babel Info: Redefining ukrainian shorthand "|
(babel)             in language  on input line 1521.
Package babel Info: Redefining ukrainian shorthand "~
(babel)             in language  on input line 1521.
Package babel Info: Redefining ukrainian shorthand "|
(babel)             in language  on input line 1521.
Package babel Info: Redefining ukrainian shorthand "~
(babel)             in language  on input line 1521.
 [42]
Package babel Info: Redefining ukrainian shorthand "|
(babel)             in language  on input line 1574.
Package babel Info: Redefining ukrainian shorthand "~
(babel)             in language  on input line 1574.
Package babel Info: Redefining ukrainian shorthand "|
(babel)             in language  on input line 1574.
Package babel Info: Redefining ukrainian shorthand "~
(babel)             in language  on input line 1574.
 [43])
Package babel Info: Redefining ukrainian shorthand "|
(babel)             in language  on input line 140.
Package babel Info: Redefining ukrainian shorthand "~
(babel)             in language  on input line 140.
Package babel Info: Redefining ukrainian shorthand "|
(babel)             in language  on input line 140.
Package babel Info: Redefining ukrainian shorthand "~
(babel)             in language  on input line 140.
 [44]
\openout2 = `bibliography-1.aux'.


(./bibliography-1.tex
{\Ukrainian \CYRR \cyro \cyrz \cyrd \cyrii \cyrl } 1.
Package babel Info: Redefining ukrainian shorthand "|
(babel)             in language  on input line 5.
Package babel Info: Redefining ukrainian shorthand "~
(babel)             in language  on input line 5.
Package babel Info: Redefining ukrainian shorthand "|
(babel)             in language  on input line 68.
Package babel Info: Redefining ukrainian shorthand "~
(babel)             in language  on input line 68.
Package babel Info: Redefining ukrainian shorthand "|
(babel)             in language  on input line 68.
Package babel Info: Redefining ukrainian shorthand "~
(babel)             in language  on input line 68.
[45



]
Underfull \hbox (badness 2165) in paragraph at lines 94--97
[]\T2A/cmr/m/n/14.4 Ванин, Г. А. Ми-кро-ме-ха-ни-ка ком-по-зи-ци-он-ных ма-те-р
и-а-лов [Текст] /
 []

Package babel Info: Redefining ukrainian shorthand "|
(babel)             in language  on input line 131.
Package babel Info: Redefining ukrainian shorthand "~
(babel)             in language  on input line 131.
Package babel Info: Redefining ukrainian shorthand "|
(babel)             in language  on input line 131.
Package babel Info: Redefining ukrainian shorthand "~
(babel)             in language  on input line 131.
[46]
Underfull \hbox (badness 2150) in paragraph at lines 171--174
[]\T2A/cmr/m/n/14.4 Григолюк, Э. И. Пер-фо-ри-ро-ван-ные пла-сти-ны и обо-ло-чк
и [Текст] /
 []

Package babel Info: Redefining ukrainian shorthand "|
(babel)             in language  on input line 187.
Package babel Info: Redefining ukrainian shorthand "~
(babel)             in language  on input line 187.
Package babel Info: Redefining ukrainian shorthand "|
(babel)             in language  on input line 187.
Package babel Info: Redefining ukrainian shorthand "~
(babel)             in language  on input line 187.
[47]
Underfull \hbox (badness 1515) in paragraph at lines 225--228
\T2A/cmr/m/n/14.4 нен-но-го по-ли-мер-но-го ком-по-зи-та с исполь-зо-ва-ни-ем о
бъем-ных мо-де-лей
 []

Package babel Info: Redefining ukrainian shorthand "|
(babel)             in language  on input line 239.
Package babel Info: Redefining ukrainian shorthand "~
(babel)             in language  on input line 239.
Package babel Info: Redefining ukrainian shorthand "|
(babel)             in language  on input line 239.
Package babel Info: Redefining ukrainian shorthand "~
(babel)             in language  on input line 239.
[48]
Package babel Info: Redefining ukrainian shorthand "|
(babel)             in language  on input line 307.
Package babel Info: Redefining ukrainian shorthand "~
(babel)             in language  on input line 307.
Package babel Info: Redefining ukrainian shorthand "|
(babel)             in language  on input line 307.
Package babel Info: Redefining ukrainian shorthand "~
(babel)             in language  on input line 307.
 [49]
Package babel Info: Redefining ukrainian shorthand "|
(babel)             in language  on input line 360.
Package babel Info: Redefining ukrainian shorthand "~
(babel)             in language  on input line 360.
Package babel Info: Redefining ukrainian shorthand "|
(babel)             in language  on input line 360.
Package babel Info: Redefining ukrainian shorthand "~
(babel)             in language  on input line 360.
 [50]
Package babel Info: Redefining ukrainian shorthand "|
(babel)             in language  on input line 408.
Package babel Info: Redefining ukrainian shorthand "~
(babel)             in language  on input line 408.
Package babel Info: Redefining ukrainian shorthand "|
(babel)             in language  on input line 408.
Package babel Info: Redefining ukrainian shorthand "~
(babel)             in language  on input line 408.
 [51]
Underfull \hbox (badness 1072) in paragraph at lines 439--443
\T2A/cmr/m/n/14.4 че-ни-я-ми под дей-стви-ем вне-шней на-груз-ки [Текст] / А. Г
. Ни-ко-ла-ев,
 []

Package babel Info: Redefining ukrainian shorthand "|
(babel)             in language  on input line 455.
Package babel Info: Redefining ukrainian shorthand "~
(babel)             in language  on input line 455.
Package babel Info: Redefining ukrainian shorthand "|
(babel)             in language  on input line 455.
Package babel Info: Redefining ukrainian shorthand "~
(babel)             in language  on input line 455.
[52]
Package babel Info: Redefining ukrainian shorthand "|
(babel)             in language  on input line 561.
Package babel Info: Redefining ukrainian shorthand "~
(babel)             in language  on input line 561.
Package babel Info: Redefining ukrainian shorthand "|
(babel)             in language  on input line 561.
Package babel Info: Redefining ukrainian shorthand "~
(babel)             in language  on input line 561.
 [53]
Package babel Info: Redefining ukrainian shorthand "|
(babel)             in language  on input line 629.
Package babel Info: Redefining ukrainian shorthand "~
(babel)             in language  on input line 629.
Package babel Info: Redefining ukrainian shorthand "|
(babel)             in language  on input line 629.
Package babel Info: Redefining ukrainian shorthand "~
(babel)             in language  on input line 629.
 [54]
Package babel Info: Redefining ukrainian shorthand "|
(babel)             in language  on input line 691.
Package babel Info: Redefining ukrainian shorthand "~
(babel)             in language  on input line 691.
Package babel Info: Redefining ukrainian shorthand "|
(babel)             in language  on input line 691.
Package babel Info: Redefining ukrainian shorthand "~
(babel)             in language  on input line 691.
 [55]
Underfull \hbox (badness 2245) in paragraph at lines 759--763
[]\T2A/cmr/m/n/14.4 Meleshko, V. V. Equi-li-bri-um of an elastic fi-ni-te cyli-
nder under axi-
 []

Package babel Info: Redefining ukrainian shorthand "|
(babel)             in language  on input line 769.
Package babel Info: Redefining ukrainian shorthand "~
(babel)             in language  on input line 769.
Package babel Info: Redefining ukrainian shorthand "|
(babel)             in language  on input line 769.
Package babel Info: Redefining ukrainian shorthand "~
(babel)             in language  on input line 769.
[56]
Package babel Info: Redefining ukrainian shorthand "|
(babel)             in language  on input line 852.
Package babel Info: Redefining ukrainian shorthand "~
(babel)             in language  on input line 852.
Package babel Info: Redefining ukrainian shorthand "|
(babel)             in language  on input line 852.
Package babel Info: Redefining ukrainian shorthand "~
(babel)             in language  on input line 852.
 [57])
Package babel Info: Redefining ukrainian shorthand "|
(babel)             in language  on input line 146.
Package babel Info: Redefining ukrainian shorthand "~
(babel)             in language  on input line 146.
Package babel Info: Redefining ukrainian shorthand "|
(babel)             in language  on input line 146.
Package babel Info: Redefining ukrainian shorthand "~
(babel)             in language  on input line 146.
 [58] 
AED: lastpage setting LastPage
Package babel Info: Redefining ukrainian shorthand "|
(babel)             in language  on input line 147.
Package babel Info: Redefining ukrainian shorthand "~
(babel)             in language  on input line 147.
Package atveryend Info: Empty hook `BeforeClearDocument' on input line 147.
Package atveryend Info: Empty hook `AfterLastShipout' on input line 147.
(./thesis-ukr.aux (./i-ukr.aux) (./1.aux) (./bibliography-1.aux))
Package atveryend Info: Executing hook `AtVeryEndDocument' on input line 147.
Package atveryend Info: Executing hook `AtEndAfterFileList' on input line 147.
Package rerunfilecheck Info: File `thesis-ukr.out' has not changed.
(rerunfilecheck)             Checksum: BAD8ED98F4A420F9574BBDE787B0C4FB;5564.
Package atveryend Info: Empty hook `AtVeryVeryEnd' on input line 147.
 ) 
Here is how much of TeX's memory you used:
 13570 strings out of 493029
 184832 string characters out of 6136234
 282026 words of memory out of 5000000
 16482 multiletter control sequences out of 15000+600000
 12913 words of font info for 35 fonts, out of 8000000 for 9000
 1141 hyphenation exceptions out of 8191
 48i,16n,37p,3311b,992s stack positions out of 5000i,500n,10000p,200000b,80000s
{/usr/share/texmf/fonts/enc/dvips/cm-super/cm-super-t2a.enc}</usr/share/texli
ve/texmf-dist/fonts/type1/public/amsfonts/cm/cmbx12.pfb></usr/share/texlive/tex
mf-dist/fonts/type1/public/amsfonts/cm/cmex10.pfb></usr/share/texlive/texmf-dis
t/fonts/type1/public/amsfonts/cm/cmmi10.pfb></usr/share/texlive/texmf-dist/font
s/type1/public/amsfonts/cm/cmmi12.pfb></usr/share/texlive/texmf-dist/fonts/type
1/public/amsfonts/cm/cmmi7.pfb></usr/share/texlive/texmf-dist/fonts/type1/publi
c/amsfonts/cm/cmr10.pfb></usr/share/texlive/texmf-dist/fonts/type1/public/amsfo
nts/cm/cmr12.pfb></usr/share/texlive/texmf-dist/fonts/type1/public/amsfonts/cm/
cmr7.pfb></usr/share/texlive/texmf-dist/fonts/type1/public/amsfonts/cm/cmsy10.p
fb></usr/share/texlive/texmf-dist/fonts/type1/public/amsfonts/symbols/msbm10.pf
b></usr/share/texmf/fonts/type1/public/cm-super/sfbx1440.pfb></usr/share/texmf/
fonts/type1/public/cm-super/sfbx1728.pfb></usr/share/texmf/fonts/type1/public/c
m-super/sfbx2488.pfb></usr/share/texmf/fonts/type1/public/cm-super/sfrm1440.pfb
></usr/share/texmf/fonts/type1/public/cm-super/sfrm1728.pfb></usr/share/texmf/f
onts/type1/public/cm-super/sfti1440.pfb>
Output written on thesis-ukr.pdf (59 pages, 394701 bytes).
PDF statistics:
 998 PDF objects out of 1000 (max. 8388607)
 911 compressed objects within 10 object streams
 379 named destinations out of 1000 (max. 500000)
 73 words of extra memory for PDF output out of 10000 (max. 10000000)

